2024-11-19 14:07:17,061 - shap - INFO - num_full_subsets = 2
2024-11-19 14:07:17,147 - shap - INFO - remaining_weight_vector = array([0.22727203, 0.18465852, 0.16115653, 0.14772682, 0.14069221,
       0.13849389])
2024-11-19 14:07:17,149 - shap - INFO - num_paired_subset_sizes = 7
2024-11-19 14:07:17,213 - shap - INFO - weight_left = 0.5063344810024111
2024-11-19 14:07:17,390 - shap - INFO - np.sum(w_aug) = 15.999999999999998
2024-11-19 14:07:17,444 - shap - INFO - np.sum(self.kernelWeights) = 1.0000000000000004
2024-11-19 14:07:17,698 - shap - INFO - phi = array([ 0.00000000e+00, -1.50023544e-02,  0.00000000e+00, -2.02580848e-05,
        0.00000000e+00, -5.09701368e-04,  0.00000000e+00,  0.00000000e+00,
        0.00000000e+00,  3.61519831e-04, -5.85833154e-05, -1.95096124e-05,
        0.00000000e+00,  0.00000000e+00,  4.17635045e-05,  0.00000000e+00])
2024-11-19 14:07:17,765 - shap - INFO - num_full_subsets = 2
2024-11-19 14:07:17,770 - shap - INFO - remaining_weight_vector = array([0.22727203, 0.18465852, 0.16115653, 0.14772682, 0.14069221,
       0.13849389])
2024-11-19 14:07:17,774 - shap - INFO - num_paired_subset_sizes = 7
2024-11-19 14:07:17,820 - shap - INFO - weight_left = 0.5063344810024111
2024-11-19 14:07:17,892 - shap - INFO - np.sum(w_aug) = 16.0
2024-11-19 14:07:17,994 - shap - INFO - np.sum(self.kernelWeights) = 1.0000000000000002
2024-11-19 14:07:18,181 - shap - INFO - phi = array([ 0.00000000e+00,  6.98755365e-03,  0.00000000e+00,  5.50026649e-05,
        0.00000000e+00,  3.23477891e-04,  0.00000000e+00,  0.00000000e+00,
        0.00000000e+00,  2.79513972e-04,  2.95546563e-05, -1.96320751e-05,
        0.00000000e+00,  0.00000000e+00,  3.64300667e-05,  0.00000000e+00])
2024-11-19 14:07:18,244 - shap - INFO - num_full_subsets = 2
2024-11-19 14:07:18,247 - shap - INFO - remaining_weight_vector = array([0.22727203, 0.18465852, 0.16115653, 0.14772682, 0.14069221,
       0.13849389])
2024-11-19 14:07:18,250 - shap - INFO - num_paired_subset_sizes = 7
2024-11-19 14:07:18,285 - shap - INFO - weight_left = 0.5063344810024111
2024-11-19 14:07:18,362 - shap - INFO - np.sum(w_aug) = 15.999999999999998
2024-11-19 14:07:18,374 - shap - INFO - np.sum(self.kernelWeights) = 1.0
2024-11-19 14:07:18,544 - shap - INFO - phi = array([ 0.00000000e+00,  7.83514370e-03,  0.00000000e+00,  5.74602732e-05,
        0.00000000e+00,  3.20042444e-04,  0.00000000e+00,  0.00000000e+00,
        0.00000000e+00,  2.79854610e-04,  3.35067254e-05, -2.12039317e-05,
        0.00000000e+00,  0.00000000e+00,  3.39326044e-05,  0.00000000e+00])
2024-11-19 14:07:18,644 - shap - INFO - num_full_subsets = 2
2024-11-19 14:07:18,647 - shap - INFO - remaining_weight_vector = array([0.22727203, 0.18465852, 0.16115653, 0.14772682, 0.14069221,
       0.13849389])
2024-11-19 14:07:18,649 - shap - INFO - num_paired_subset_sizes = 7
2024-11-19 14:07:18,684 - shap - INFO - weight_left = 0.5063344810024111
2024-11-19 14:07:18,753 - shap - INFO - np.sum(w_aug) = 16.0
2024-11-19 14:07:18,756 - shap - INFO - np.sum(self.kernelWeights) = 1.0000000000000002
2024-11-19 14:07:18,850 - shap - INFO - phi = array([ 0.00000000e+00,  7.83300758e-03,  0.00000000e+00, -3.77635568e-05,
        0.00000000e+00,  3.22798631e-04,  0.00000000e+00,  0.00000000e+00,
        0.00000000e+00,  2.06331673e-04,  3.42744327e-05, -2.10990653e-05,
        0.00000000e+00,  0.00000000e+00,  3.66266024e-05,  0.00000000e+00])
2024-11-19 14:07:18,937 - shap - INFO - num_full_subsets = 2
2024-11-19 14:07:18,940 - shap - INFO - remaining_weight_vector = array([0.22727203, 0.18465852, 0.16115653, 0.14772682, 0.14069221,
       0.13849389])
2024-11-19 14:07:18,941 - shap - INFO - num_paired_subset_sizes = 7
2024-11-19 14:07:18,962 - shap - INFO - weight_left = 0.5063344810024111
2024-11-19 14:07:19,000 - shap - INFO - np.sum(w_aug) = 15.999999999999996
2024-11-19 14:07:19,002 - shap - INFO - np.sum(self.kernelWeights) = 1.0000000000000004
2024-11-19 14:07:19,138 - shap - INFO - phi = array([ 0.00000000e+00,  7.85856112e-03,  0.00000000e+00, -3.68080669e-05,
        0.00000000e+00,  3.21980994e-04, -3.16954647e-05,  0.00000000e+00,
        0.00000000e+00,  2.10353156e-04,  3.22765781e-05, -1.67189690e-05,
        0.00000000e+00,  0.00000000e+00,  3.62269527e-05,  0.00000000e+00])
2024-11-19 14:07:19,172 - shap - INFO - num_full_subsets = 2
2024-11-19 14:07:19,179 - shap - INFO - remaining_weight_vector = array([0.22727203, 0.18465852, 0.16115653, 0.14772682, 0.14069221,
       0.13849389])
2024-11-19 14:07:19,180 - shap - INFO - num_paired_subset_sizes = 7
2024-11-19 14:07:19,239 - shap - INFO - weight_left = 0.5063344810024111
2024-11-19 14:07:19,278 - shap - INFO - np.sum(w_aug) = 15.999999999999996
2024-11-19 14:07:19,279 - shap - INFO - np.sum(self.kernelWeights) = 1.0000000000000002
2024-11-19 14:07:19,326 - shap - INFO - phi = array([ 0.00000000e+00, -1.54999197e-02,  0.00000000e+00, -1.76832343e-05,
        0.00000000e+00, -7.80192307e-04,  3.02281224e-05,  0.00000000e+00,
        0.00000000e+00, -1.35021310e-03, -5.77968265e-05,  9.95378354e-05,
        0.00000000e+00,  0.00000000e+00, -1.95827178e-04,  0.00000000e+00])
2024-11-19 14:07:19,358 - shap - INFO - num_full_subsets = 2
2024-11-19 14:07:19,359 - shap - INFO - remaining_weight_vector = array([0.20732477, 0.16660026, 0.14353254, 0.12957798, 0.12116383,
       0.11662019, 0.11518043])
2024-11-19 14:07:19,360 - shap - INFO - num_paired_subset_sizes = 8
2024-11-19 14:07:19,408 - shap - INFO - weight_left = 0.528623703595323
2024-11-19 14:07:19,449 - shap - INFO - np.sum(w_aug) = 17.999999999999996
2024-11-19 14:07:19,451 - shap - INFO - np.sum(self.kernelWeights) = 0.9999999999999999
2024-11-19 14:07:19,496 - shap - INFO - phi = array([ 0.00000000e+00,  8.73719721e-03,  8.70989873e-05,  0.00000000e+00,
        3.82326113e-03,  1.31848484e-02,  5.20288498e-03,  9.31428142e-03,
        4.69081262e-03,  2.61527800e-03,  1.35926816e-02,  6.77844836e-04,
        1.74856500e-02, -1.47938398e-03,  6.19260167e-03,  2.13404411e-05,
       -8.58253570e-05,  2.94089462e-03])
2024-11-19 14:07:19,528 - shap - INFO - num_full_subsets = 2
2024-11-19 14:07:19,529 - shap - INFO - remaining_weight_vector = array([0.21046803, 0.16837443, 0.14432094, 0.12951879, 0.12026745,
       0.11480075, 0.11224962])
2024-11-19 14:07:19,531 - shap - INFO - num_paired_subset_sizes = 9
2024-11-19 14:07:19,585 - shap - INFO - weight_left = 0.5381032434909889
2024-11-19 14:07:19,627 - shap - INFO - np.sum(w_aug) = 19.0
2024-11-19 14:07:19,629 - shap - INFO - np.sum(self.kernelWeights) = 0.9999999999999998
2024-11-19 14:07:19,699 - shap - INFO - phi = array([-4.27027606e-04,  6.05087701e-03,  1.50737404e-03, -6.98188770e-05,
        4.15252868e-03, -1.19120284e-04,  4.61029650e-03,  2.89296701e-03,
        3.16197712e-03,  1.08629331e-02,  4.47721753e-04,  1.13389074e-02,
       -3.31697616e-04,  3.70992275e-03, -3.04629404e-03, -1.59238173e-03,
       -1.83253053e-03,  3.71123323e-04,  1.31799752e-03])
2024-11-19 14:07:19,752 - shap - INFO - num_full_subsets = 2
2024-11-19 14:07:19,759 - shap - INFO - remaining_weight_vector = array([0.20732477, 0.16660026, 0.14353254, 0.12957798, 0.12116383,
       0.11662019, 0.11518043])
2024-11-19 14:07:19,761 - shap - INFO - num_paired_subset_sizes = 8
2024-11-19 14:07:19,826 - shap - INFO - weight_left = 0.528623703595323
2024-11-19 14:07:19,904 - shap - INFO - np.sum(w_aug) = 18.0
2024-11-19 14:07:19,907 - shap - INFO - np.sum(self.kernelWeights) = 0.9999999999999998
2024-11-19 14:07:20,096 - shap - INFO - phi = array([-0.00999016, -0.01238472,  0.00114272,  0.00017878,  0.00491261,
        0.00068625,  0.00612538,  0.        ,  0.00258732,  0.01295154,
        0.00075907,  0.01299131, -0.00110445,  0.00643902, -0.00222172,
        0.        ,  0.00056204,  0.00261269])
2024-11-19 14:07:20,179 - shap - INFO - num_full_subsets = 2
2024-11-19 14:07:20,183 - shap - INFO - remaining_weight_vector = array([0.21046803, 0.16837443, 0.14432094, 0.12951879, 0.12026745,
       0.11480075, 0.11224962])
2024-11-19 14:07:20,187 - shap - INFO - num_paired_subset_sizes = 9
2024-11-19 14:07:20,220 - shap - INFO - weight_left = 0.5381032434909889
2024-11-19 14:07:20,292 - shap - INFO - np.sum(w_aug) = 19.0
2024-11-19 14:07:20,295 - shap - INFO - np.sum(self.kernelWeights) = 0.9999999999999996
2024-11-19 14:07:20,548 - shap - INFO - phi = array([-9.31286008e-03, -1.31748326e-02,  1.29378700e-03,  1.69462623e-04,
        4.55101767e-03,  3.09714247e-04,  6.49898379e-03,  0.00000000e+00,
        2.49537394e-03,  5.44153541e-03,  9.05871572e-04,  4.47591939e-05,
       -1.78593088e-04,  6.48523956e-03, -1.85529336e-03, -4.81050964e-05,
       -4.71326274e-04,  1.19859543e-03,  2.93209247e-03])
2024-11-19 14:07:20,658 - shap - INFO - num_full_subsets = 2
2024-11-19 14:07:20,661 - shap - INFO - remaining_weight_vector = array([0.23108621, 0.18664656, 0.16176035, 0.14705486, 0.13865173,
       0.13480029])
2024-11-19 14:07:20,665 - shap - INFO - num_paired_subset_sizes = 8
2024-11-19 14:07:20,705 - shap - INFO - weight_left = 0.5181019626448611
2024-11-19 14:07:20,791 - shap - INFO - np.sum(w_aug) = 17.000000000000007
2024-11-19 14:07:20,794 - shap - INFO - np.sum(self.kernelWeights) = 1.0000000000000002
2024-11-19 14:07:21,007 - shap - INFO - phi = array([-0.01516889, -0.02375469,  0.00212133, -0.00010974,  0.00498366,
        0.00019539,  0.00562799, -0.00049359,  0.00024028,  0.00213718,
       -0.00126649, -0.00473163, -0.00189329,  0.00249173, -0.00193585,
       -0.00016726,  0.00179716])
2024-11-19 14:07:21,100 - shap - INFO - num_full_subsets = 2
2024-11-19 14:07:21,104 - shap - INFO - remaining_weight_vector = array([0.22727203, 0.18465852, 0.16115653, 0.14772682, 0.14069221,
       0.13849389])
2024-11-19 14:07:21,107 - shap - INFO - num_paired_subset_sizes = 7
2024-11-19 14:07:21,142 - shap - INFO - weight_left = 0.5063344810024111
2024-11-19 14:07:21,220 - shap - INFO - np.sum(w_aug) = 15.999999999999998
2024-11-19 14:07:21,224 - shap - INFO - np.sum(self.kernelWeights) = 1.0000000000000004
2024-11-19 14:07:21,340 - shap - INFO - phi = array([-0.01549215, -0.0247453 ,  0.00192913, -0.00018629,  0.00321626,
       -0.00060339,  0.0020008 , -0.000509  ,  0.00221582, -0.00186174,
       -0.00520739, -0.00220376,  0.0011295 , -0.00219331, -0.00024098,
        0.00131353])
2024-11-19 14:07:21,427 - shap - INFO - num_full_subsets = 2
2024-11-19 14:07:21,431 - shap - INFO - remaining_weight_vector = array([0.22727203, 0.18465852, 0.16115653, 0.14772682, 0.14069221,
       0.13849389])
2024-11-19 14:07:21,434 - shap - INFO - num_paired_subset_sizes = 7
2024-11-19 14:07:21,471 - shap - INFO - weight_left = 0.5063344810024111
2024-11-19 14:07:21,540 - shap - INFO - np.sum(w_aug) = 15.999999999999996
2024-11-19 14:07:21,543 - shap - INFO - np.sum(self.kernelWeights) = 1.0000000000000002
2024-11-19 14:07:21,757 - shap - INFO - phi = array([-1.80105641e-02, -3.21919336e-02,  3.95965453e-04, -1.83903487e-05,
        1.29916230e-03, -7.92199895e-04,  4.29598682e-04, -4.15250765e-04,
        9.51280340e-04, -3.07515091e-03, -5.30119057e-03, -9.01749893e-03,
        8.06046464e-05, -2.29043339e-03, -9.87074497e-05, -1.69110457e-04])
2024-11-19 14:07:21,852 - shap - INFO - num_full_subsets = 2
2024-11-19 14:07:21,856 - shap - INFO - remaining_weight_vector = array([0.22727203, 0.18465852, 0.16115653, 0.14772682, 0.14069221,
       0.13849389])
2024-11-19 14:07:21,860 - shap - INFO - num_paired_subset_sizes = 7
2024-11-19 14:07:21,895 - shap - INFO - weight_left = 0.5063344810024111
2024-11-19 14:07:21,966 - shap - INFO - np.sum(w_aug) = 16.0
2024-11-19 14:07:21,968 - shap - INFO - np.sum(self.kernelWeights) = 1.0000000000000002
2024-11-19 14:07:22,229 - shap - INFO - phi = array([-1.72785041e-02, -3.45600067e-02,  0.00000000e+00, -9.32098977e-05,
        1.65728458e-04, -6.49205028e-04, -8.24981328e-05,  4.10920449e-03,
       -1.10003219e-04,  0.00000000e+00, -5.15045042e-03, -7.98900699e-03,
        0.00000000e+00,  0.00000000e+00, -8.28004351e-05, -1.51021332e-04])
2024-11-19 14:07:22,273 - shap - INFO - num_full_subsets = 2
2024-11-19 14:07:22,283 - shap - INFO - remaining_weight_vector = array([0.22727203, 0.18465852, 0.16115653, 0.14772682, 0.14069221,
       0.13849389])
2024-11-19 14:07:22,286 - shap - INFO - num_paired_subset_sizes = 7
2024-11-19 14:07:22,328 - shap - INFO - weight_left = 0.5063344810024111
2024-11-19 14:07:22,409 - shap - INFO - np.sum(w_aug) = 15.999999999999998
2024-11-19 14:07:22,475 - shap - INFO - np.sum(self.kernelWeights) = 1.0000000000000002
2024-11-19 14:07:22,676 - shap - INFO - phi = array([ 0.00000000e+00, -1.58921592e-02,  0.00000000e+00, -2.01331423e-05,
       -5.04716525e-06, -5.07116946e-04,  2.85889491e-05, -5.10054262e-04,
        0.00000000e+00,  3.59597734e-04, -5.66061833e-05, -2.68997150e-05,
        0.00000000e+00,  0.00000000e+00,  5.30719090e-05,  0.00000000e+00])
2024-11-19 14:12:36,807 - pyswarms.single.global_best - INFO - Optimize for 10 iters with {'c1': 0.5, 'c2': 0.3, 'w': 0.9}
2024-11-19 14:12:38,714 - pyswarms.single.global_best - INFO - Optimization finished | best cost: 2.919337618172575, best pos: [3.00104154e+00 2.62311705e-01 5.20573580e+02]
2024-11-22 14:58:29,913 - shap - INFO - num_full_subsets = 2
2024-11-22 14:58:29,958 - shap - INFO - remaining_weight_vector = array([0.22727203, 0.18465852, 0.16115653, 0.14772682, 0.14069221,
       0.13849389])
2024-11-22 14:58:30,532 - shap - INFO - num_paired_subset_sizes = 7
2024-11-22 14:58:30,905 - shap - INFO - weight_left = 0.5063344810024111
2024-11-22 14:58:31,284 - shap - INFO - np.sum(w_aug) = 15.999999999999998
2024-11-22 14:58:31,353 - shap - INFO - np.sum(self.kernelWeights) = 1.0000000000000004
2024-11-22 14:58:31,686 - shap - INFO - phi = array([ 0.00000000e+00, -1.50023544e-02,  0.00000000e+00, -2.02580848e-05,
        0.00000000e+00, -5.09701368e-04,  0.00000000e+00,  0.00000000e+00,
        0.00000000e+00,  3.61519831e-04, -5.85833154e-05, -1.95096124e-05,
        0.00000000e+00,  0.00000000e+00,  4.17635045e-05,  0.00000000e+00])
2024-11-22 14:58:31,792 - shap - INFO - num_full_subsets = 2
2024-11-22 14:58:31,796 - shap - INFO - remaining_weight_vector = array([0.22727203, 0.18465852, 0.16115653, 0.14772682, 0.14069221,
       0.13849389])
2024-11-22 14:58:31,799 - shap - INFO - num_paired_subset_sizes = 7
2024-11-22 14:58:31,839 - shap - INFO - weight_left = 0.5063344810024111
2024-11-22 14:58:31,929 - shap - INFO - np.sum(w_aug) = 16.0
2024-11-22 14:58:31,934 - shap - INFO - np.sum(self.kernelWeights) = 1.0000000000000002
2024-11-22 14:58:32,101 - shap - INFO - phi = array([ 0.00000000e+00,  6.98755365e-03,  0.00000000e+00,  5.50026649e-05,
        0.00000000e+00,  3.23477891e-04,  0.00000000e+00,  0.00000000e+00,
        0.00000000e+00,  2.79513972e-04,  2.95546563e-05, -1.96320751e-05,
        0.00000000e+00,  0.00000000e+00,  3.64300667e-05,  0.00000000e+00])
2024-11-22 14:58:32,180 - shap - INFO - num_full_subsets = 2
2024-11-22 14:58:32,187 - shap - INFO - remaining_weight_vector = array([0.22727203, 0.18465852, 0.16115653, 0.14772682, 0.14069221,
       0.13849389])
2024-11-22 14:58:32,190 - shap - INFO - num_paired_subset_sizes = 7
2024-11-22 14:58:32,229 - shap - INFO - weight_left = 0.5063344810024111
2024-11-22 14:58:32,319 - shap - INFO - np.sum(w_aug) = 15.999999999999998
2024-11-22 14:58:32,322 - shap - INFO - np.sum(self.kernelWeights) = 1.0
2024-11-22 14:58:32,413 - shap - INFO - phi = array([ 0.00000000e+00,  7.83514370e-03,  0.00000000e+00,  5.74602732e-05,
        0.00000000e+00,  3.20042444e-04,  0.00000000e+00,  0.00000000e+00,
        0.00000000e+00,  2.79854610e-04,  3.35067254e-05, -2.12039317e-05,
        0.00000000e+00,  0.00000000e+00,  3.39326044e-05,  0.00000000e+00])
2024-11-22 14:58:32,462 - shap - INFO - num_full_subsets = 2
2024-11-22 14:58:32,481 - shap - INFO - remaining_weight_vector = array([0.22727203, 0.18465852, 0.16115653, 0.14772682, 0.14069221,
       0.13849389])
2024-11-22 14:58:32,484 - shap - INFO - num_paired_subset_sizes = 7
2024-11-22 14:58:32,529 - shap - INFO - weight_left = 0.5063344810024111
2024-11-22 14:58:32,620 - shap - INFO - np.sum(w_aug) = 16.0
2024-11-22 14:58:32,624 - shap - INFO - np.sum(self.kernelWeights) = 1.0000000000000002
2024-11-22 14:58:32,718 - shap - INFO - phi = array([ 0.00000000e+00,  7.83300758e-03,  0.00000000e+00, -3.77635568e-05,
        0.00000000e+00,  3.22798631e-04,  0.00000000e+00,  0.00000000e+00,
        0.00000000e+00,  2.06331673e-04,  3.42744327e-05, -2.10990653e-05,
        0.00000000e+00,  0.00000000e+00,  3.66266024e-05,  0.00000000e+00])
2024-11-22 14:58:32,753 - shap - INFO - num_full_subsets = 2
2024-11-22 14:58:32,759 - shap - INFO - remaining_weight_vector = array([0.22727203, 0.18465852, 0.16115653, 0.14772682, 0.14069221,
       0.13849389])
2024-11-22 14:58:32,767 - shap - INFO - num_paired_subset_sizes = 7
2024-11-22 14:58:32,835 - shap - INFO - weight_left = 0.5063344810024111
2024-11-22 14:58:32,963 - shap - INFO - np.sum(w_aug) = 15.999999999999996
2024-11-22 14:58:32,965 - shap - INFO - np.sum(self.kernelWeights) = 1.0000000000000004
2024-11-22 14:58:33,121 - shap - INFO - phi = array([ 0.00000000e+00,  7.85856112e-03,  0.00000000e+00, -3.68080669e-05,
        0.00000000e+00,  3.21980994e-04, -3.16954647e-05,  0.00000000e+00,
        0.00000000e+00,  2.10353156e-04,  3.22765781e-05, -1.67189690e-05,
        0.00000000e+00,  0.00000000e+00,  3.62269527e-05,  0.00000000e+00])
2024-11-22 14:58:33,154 - shap - INFO - num_full_subsets = 2
2024-11-22 14:58:33,159 - shap - INFO - remaining_weight_vector = array([0.22727203, 0.18465852, 0.16115653, 0.14772682, 0.14069221,
       0.13849389])
2024-11-22 14:58:33,161 - shap - INFO - num_paired_subset_sizes = 7
2024-11-22 14:58:33,206 - shap - INFO - weight_left = 0.5063344810024111
2024-11-22 14:58:33,267 - shap - INFO - np.sum(w_aug) = 15.999999999999996
2024-11-22 14:58:33,270 - shap - INFO - np.sum(self.kernelWeights) = 1.0000000000000002
2024-11-22 14:58:33,385 - shap - INFO - phi = array([ 0.00000000e+00, -1.54999197e-02,  0.00000000e+00, -1.76832343e-05,
        0.00000000e+00, -7.80192307e-04,  3.02281224e-05,  0.00000000e+00,
        0.00000000e+00, -1.35021310e-03, -5.77968265e-05,  9.95378354e-05,
        0.00000000e+00,  0.00000000e+00, -1.95827178e-04,  0.00000000e+00])
2024-11-22 14:58:33,420 - shap - INFO - num_full_subsets = 2
2024-11-22 14:58:33,428 - shap - INFO - remaining_weight_vector = array([0.20732477, 0.16660026, 0.14353254, 0.12957798, 0.12116383,
       0.11662019, 0.11518043])
2024-11-22 14:58:33,432 - shap - INFO - num_paired_subset_sizes = 8
2024-11-22 14:58:33,482 - shap - INFO - weight_left = 0.528623703595323
2024-11-22 14:58:33,543 - shap - INFO - np.sum(w_aug) = 17.999999999999996
2024-11-22 14:58:33,546 - shap - INFO - np.sum(self.kernelWeights) = 0.9999999999999999
2024-11-22 14:58:33,630 - shap - INFO - phi = array([ 0.00000000e+00,  8.73719721e-03,  8.70989873e-05,  0.00000000e+00,
        3.82326113e-03,  1.31848484e-02,  5.20288498e-03,  9.31428142e-03,
        4.69081262e-03,  2.61527800e-03,  1.35926816e-02,  6.77844836e-04,
        1.74856500e-02, -1.47938398e-03,  6.19260167e-03,  2.13404411e-05,
       -8.58253570e-05,  2.94089462e-03])
2024-11-22 14:58:33,711 - shap - INFO - num_full_subsets = 2
2024-11-22 14:58:33,715 - shap - INFO - remaining_weight_vector = array([0.21046803, 0.16837443, 0.14432094, 0.12951879, 0.12026745,
       0.11480075, 0.11224962])
2024-11-22 14:58:33,717 - shap - INFO - num_paired_subset_sizes = 9
2024-11-22 14:58:33,755 - shap - INFO - weight_left = 0.5381032434909889
2024-11-22 14:58:33,818 - shap - INFO - np.sum(w_aug) = 19.0
2024-11-22 14:58:33,823 - shap - INFO - np.sum(self.kernelWeights) = 0.9999999999999998
2024-11-22 14:58:33,931 - shap - INFO - phi = array([-4.27027606e-04,  6.05087701e-03,  1.50737404e-03, -6.98188770e-05,
        4.15252868e-03, -1.19120284e-04,  4.61029650e-03,  2.89296701e-03,
        3.16197712e-03,  1.08629331e-02,  4.47721753e-04,  1.13389074e-02,
       -3.31697616e-04,  3.70992275e-03, -3.04629404e-03, -1.59238173e-03,
       -1.83253053e-03,  3.71123323e-04,  1.31799752e-03])
2024-11-22 14:58:34,032 - shap - INFO - num_full_subsets = 2
2024-11-22 14:58:34,072 - shap - INFO - remaining_weight_vector = array([0.20732477, 0.16660026, 0.14353254, 0.12957798, 0.12116383,
       0.11662019, 0.11518043])
2024-11-22 14:58:34,094 - shap - INFO - num_paired_subset_sizes = 8
2024-11-22 14:58:34,208 - shap - INFO - weight_left = 0.528623703595323
2024-11-22 14:58:34,334 - shap - INFO - np.sum(w_aug) = 18.0
2024-11-22 14:58:34,352 - shap - INFO - np.sum(self.kernelWeights) = 0.9999999999999998
2024-11-22 14:58:34,545 - shap - INFO - phi = array([-0.00999016, -0.01238472,  0.00114272,  0.00017878,  0.00491261,
        0.00068625,  0.00612538,  0.        ,  0.00258732,  0.01295154,
        0.00075907,  0.01299131, -0.00110445,  0.00643902, -0.00222172,
        0.        ,  0.00056204,  0.00261269])
2024-11-22 14:58:34,646 - shap - INFO - num_full_subsets = 2
2024-11-22 14:58:34,653 - shap - INFO - remaining_weight_vector = array([0.21046803, 0.16837443, 0.14432094, 0.12951879, 0.12026745,
       0.11480075, 0.11224962])
2024-11-22 14:58:34,657 - shap - INFO - num_paired_subset_sizes = 9
2024-11-22 14:58:34,698 - shap - INFO - weight_left = 0.5381032434909889
2024-11-22 14:58:34,829 - shap - INFO - np.sum(w_aug) = 19.0
2024-11-22 14:58:34,844 - shap - INFO - np.sum(self.kernelWeights) = 0.9999999999999996
2024-11-22 14:58:35,102 - shap - INFO - phi = array([-9.31286008e-03, -1.31748326e-02,  1.29378700e-03,  1.69462623e-04,
        4.55101767e-03,  3.09714247e-04,  6.49898379e-03,  0.00000000e+00,
        2.49537394e-03,  5.44153541e-03,  9.05871572e-04,  4.47591939e-05,
       -1.78593088e-04,  6.48523956e-03, -1.85529336e-03, -4.81050964e-05,
       -4.71326274e-04,  1.19859543e-03,  2.93209247e-03])
2024-11-22 14:58:35,225 - shap - INFO - num_full_subsets = 2
2024-11-22 14:58:35,283 - shap - INFO - remaining_weight_vector = array([0.23108621, 0.18664656, 0.16176035, 0.14705486, 0.13865173,
       0.13480029])
2024-11-22 14:58:35,331 - shap - INFO - num_paired_subset_sizes = 8
2024-11-22 14:58:35,507 - shap - INFO - weight_left = 0.5181019626448611
2024-11-22 14:58:35,622 - shap - INFO - np.sum(w_aug) = 17.000000000000007
2024-11-22 14:58:35,626 - shap - INFO - np.sum(self.kernelWeights) = 1.0000000000000002
2024-11-22 14:58:35,728 - shap - INFO - phi = array([-0.01516889, -0.02375469,  0.00212133, -0.00010974,  0.00498366,
        0.00019539,  0.00562799, -0.00049359,  0.00024028,  0.00213718,
       -0.00126649, -0.00473163, -0.00189329,  0.00249173, -0.00193585,
       -0.00016726,  0.00179716])
2024-11-22 14:58:35,765 - shap - INFO - num_full_subsets = 2
2024-11-22 14:58:35,785 - shap - INFO - remaining_weight_vector = array([0.22727203, 0.18465852, 0.16115653, 0.14772682, 0.14069221,
       0.13849389])
2024-11-22 14:58:35,817 - shap - INFO - num_paired_subset_sizes = 7
2024-11-22 14:58:35,861 - shap - INFO - weight_left = 0.5063344810024111
2024-11-22 14:58:35,938 - shap - INFO - np.sum(w_aug) = 15.999999999999998
2024-11-22 14:58:35,945 - shap - INFO - np.sum(self.kernelWeights) = 1.0000000000000004
2024-11-22 14:58:36,240 - shap - INFO - phi = array([-0.01549215, -0.0247453 ,  0.00192913, -0.00018629,  0.00321626,
       -0.00060339,  0.0020008 , -0.000509  ,  0.00221582, -0.00186174,
       -0.00520739, -0.00220376,  0.0011295 , -0.00219331, -0.00024098,
        0.00131353])
2024-11-22 14:58:36,320 - shap - INFO - num_full_subsets = 2
2024-11-22 14:58:36,325 - shap - INFO - remaining_weight_vector = array([0.22727203, 0.18465852, 0.16115653, 0.14772682, 0.14069221,
       0.13849389])
2024-11-22 14:58:36,333 - shap - INFO - num_paired_subset_sizes = 7
2024-11-22 14:58:36,385 - shap - INFO - weight_left = 0.5063344810024111
2024-11-22 14:58:36,498 - shap - INFO - np.sum(w_aug) = 15.999999999999996
2024-11-22 14:58:36,504 - shap - INFO - np.sum(self.kernelWeights) = 1.0000000000000002
2024-11-22 14:58:36,690 - shap - INFO - phi = array([-1.80105641e-02, -3.21919336e-02,  3.95965453e-04, -1.83903487e-05,
        1.29916230e-03, -7.92199895e-04,  4.29598682e-04, -4.15250765e-04,
        9.51280340e-04, -3.07515091e-03, -5.30119057e-03, -9.01749893e-03,
        8.06046464e-05, -2.29043339e-03, -9.87074497e-05, -1.69110457e-04])
2024-11-22 14:58:36,812 - shap - INFO - num_full_subsets = 2
2024-11-22 14:58:36,819 - shap - INFO - remaining_weight_vector = array([0.22727203, 0.18465852, 0.16115653, 0.14772682, 0.14069221,
       0.13849389])
2024-11-22 14:58:36,823 - shap - INFO - num_paired_subset_sizes = 7
2024-11-22 14:58:36,888 - shap - INFO - weight_left = 0.5063344810024111
2024-11-22 14:58:37,005 - shap - INFO - np.sum(w_aug) = 16.0
2024-11-22 14:58:37,012 - shap - INFO - np.sum(self.kernelWeights) = 1.0000000000000002
2024-11-22 14:58:37,146 - shap - INFO - phi = array([-1.72785041e-02, -3.45600067e-02,  0.00000000e+00, -9.32098977e-05,
        1.65728458e-04, -6.49205028e-04, -8.24981328e-05,  4.10920449e-03,
       -1.10003219e-04,  0.00000000e+00, -5.15045042e-03, -7.98900699e-03,
        0.00000000e+00,  0.00000000e+00, -8.28004351e-05, -1.51021332e-04])
2024-11-22 14:58:37,217 - shap - INFO - num_full_subsets = 2
2024-11-22 14:58:37,229 - shap - INFO - remaining_weight_vector = array([0.22727203, 0.18465852, 0.16115653, 0.14772682, 0.14069221,
       0.13849389])
2024-11-22 14:58:37,235 - shap - INFO - num_paired_subset_sizes = 7
2024-11-22 14:58:37,275 - shap - INFO - weight_left = 0.5063344810024111
2024-11-22 14:58:37,368 - shap - INFO - np.sum(w_aug) = 15.999999999999998
2024-11-22 14:58:37,379 - shap - INFO - np.sum(self.kernelWeights) = 1.0000000000000002
2024-11-22 14:58:37,567 - shap - INFO - phi = array([ 0.00000000e+00, -1.58921592e-02,  0.00000000e+00, -2.01331423e-05,
       -5.04716525e-06, -5.07116946e-04,  2.85889491e-05, -5.10054262e-04,
        0.00000000e+00,  3.59597734e-04, -5.66061833e-05, -2.68997150e-05,
        0.00000000e+00,  0.00000000e+00,  5.30719090e-05,  0.00000000e+00])
2024-11-22 15:04:47,135 - pyswarms.single.global_best - INFO - Optimize for 10 iters with {'c1': 0.5, 'c2': 0.3, 'w': 0.9}
2024-11-22 15:04:48,054 - pyswarms.single.global_best - INFO - Optimization finished | best cost: 2.919337618172575, best pos: [3.00104154e+00 2.62311705e-01 5.20573580e+02]
2024-11-27 16:49:00,499 - shap - INFO - num_full_subsets = 2
2024-11-27 16:49:00,502 - shap - INFO - remaining_weight_vector = array([0.22727203, 0.18465852, 0.16115653, 0.14772682, 0.14069221,
       0.13849389])
2024-11-27 16:49:00,504 - shap - INFO - num_paired_subset_sizes = 7
2024-11-27 16:49:00,523 - shap - INFO - weight_left = 0.5063344810024111
2024-11-27 16:49:00,564 - shap - INFO - np.sum(w_aug) = 15.999999999999998
2024-11-27 16:49:00,566 - shap - INFO - np.sum(self.kernelWeights) = 1.0000000000000004
2024-11-27 16:49:00,679 - shap - INFO - phi = array([ 0.00000000e+00, -1.50023544e-02,  0.00000000e+00, -2.02580848e-05,
        0.00000000e+00, -5.09701368e-04,  0.00000000e+00,  0.00000000e+00,
        0.00000000e+00,  3.61519831e-04, -5.85833154e-05, -1.95096124e-05,
        0.00000000e+00,  0.00000000e+00,  4.17635045e-05,  0.00000000e+00])
2024-11-27 16:49:00,723 - shap - INFO - num_full_subsets = 2
2024-11-27 16:49:00,726 - shap - INFO - remaining_weight_vector = array([0.22727203, 0.18465852, 0.16115653, 0.14772682, 0.14069221,
       0.13849389])
2024-11-27 16:49:00,729 - shap - INFO - num_paired_subset_sizes = 7
2024-11-27 16:49:00,777 - shap - INFO - weight_left = 0.5063344810024111
2024-11-27 16:49:00,818 - shap - INFO - np.sum(w_aug) = 16.0
2024-11-27 16:49:00,819 - shap - INFO - np.sum(self.kernelWeights) = 1.0000000000000002
2024-11-27 16:49:00,870 - shap - INFO - phi = array([ 0.00000000e+00,  6.98755365e-03,  0.00000000e+00,  5.50026649e-05,
        0.00000000e+00,  3.23477891e-04,  0.00000000e+00,  0.00000000e+00,
        0.00000000e+00,  2.79513972e-04,  2.95546563e-05, -1.96320751e-05,
        0.00000000e+00,  0.00000000e+00,  3.64300667e-05,  0.00000000e+00])
2024-11-27 16:49:00,921 - shap - INFO - num_full_subsets = 2
2024-11-27 16:49:00,942 - shap - INFO - remaining_weight_vector = array([0.22727203, 0.18465852, 0.16115653, 0.14772682, 0.14069221,
       0.13849389])
2024-11-27 16:49:00,944 - shap - INFO - num_paired_subset_sizes = 7
2024-11-27 16:49:00,968 - shap - INFO - weight_left = 0.5063344810024111
2024-11-27 16:49:01,006 - shap - INFO - np.sum(w_aug) = 15.999999999999998
2024-11-27 16:49:01,008 - shap - INFO - np.sum(self.kernelWeights) = 1.0
2024-11-27 16:49:01,053 - shap - INFO - phi = array([ 0.00000000e+00,  7.83514370e-03,  0.00000000e+00,  5.74602732e-05,
        0.00000000e+00,  3.20042444e-04,  0.00000000e+00,  0.00000000e+00,
        0.00000000e+00,  2.79854610e-04,  3.35067254e-05, -2.12039317e-05,
        0.00000000e+00,  0.00000000e+00,  3.39326044e-05,  0.00000000e+00])
2024-11-27 16:49:01,092 - shap - INFO - num_full_subsets = 2
2024-11-27 16:49:01,108 - shap - INFO - remaining_weight_vector = array([0.22727203, 0.18465852, 0.16115653, 0.14772682, 0.14069221,
       0.13849389])
2024-11-27 16:49:01,114 - shap - INFO - num_paired_subset_sizes = 7
2024-11-27 16:49:01,167 - shap - INFO - weight_left = 0.5063344810024111
2024-11-27 16:49:01,237 - shap - INFO - np.sum(w_aug) = 16.0
2024-11-27 16:49:01,240 - shap - INFO - np.sum(self.kernelWeights) = 1.0000000000000002
2024-11-27 16:49:01,389 - shap - INFO - phi = array([ 0.00000000e+00,  7.83300758e-03,  0.00000000e+00, -3.77635568e-05,
        0.00000000e+00,  3.22798631e-04,  0.00000000e+00,  0.00000000e+00,
        0.00000000e+00,  2.06331673e-04,  3.42744327e-05, -2.10990653e-05,
        0.00000000e+00,  0.00000000e+00,  3.66266024e-05,  0.00000000e+00])
2024-11-27 16:49:01,447 - shap - INFO - num_full_subsets = 2
2024-11-27 16:49:01,450 - shap - INFO - remaining_weight_vector = array([0.22727203, 0.18465852, 0.16115653, 0.14772682, 0.14069221,
       0.13849389])
2024-11-27 16:49:01,452 - shap - INFO - num_paired_subset_sizes = 7
2024-11-27 16:49:01,510 - shap - INFO - weight_left = 0.5063344810024111
2024-11-27 16:49:01,596 - shap - INFO - np.sum(w_aug) = 15.999999999999996
2024-11-27 16:49:01,598 - shap - INFO - np.sum(self.kernelWeights) = 1.0000000000000004
2024-11-27 16:49:01,664 - shap - INFO - phi = array([ 0.00000000e+00,  7.85856112e-03,  0.00000000e+00, -3.68080669e-05,
        0.00000000e+00,  3.21980994e-04, -3.16954647e-05,  0.00000000e+00,
        0.00000000e+00,  2.10353156e-04,  3.22765781e-05, -1.67189690e-05,
        0.00000000e+00,  0.00000000e+00,  3.62269527e-05,  0.00000000e+00])
2024-11-27 16:49:01,714 - shap - INFO - num_full_subsets = 2
2024-11-27 16:49:01,726 - shap - INFO - remaining_weight_vector = array([0.22727203, 0.18465852, 0.16115653, 0.14772682, 0.14069221,
       0.13849389])
2024-11-27 16:49:01,731 - shap - INFO - num_paired_subset_sizes = 7
2024-11-27 16:49:01,782 - shap - INFO - weight_left = 0.5063344810024111
2024-11-27 16:49:01,869 - shap - INFO - np.sum(w_aug) = 15.999999999999996
2024-11-27 16:49:01,873 - shap - INFO - np.sum(self.kernelWeights) = 1.0000000000000002
2024-11-27 16:49:01,958 - shap - INFO - phi = array([ 0.00000000e+00, -1.54999197e-02,  0.00000000e+00, -1.76832343e-05,
        0.00000000e+00, -7.80192307e-04,  3.02281224e-05,  0.00000000e+00,
        0.00000000e+00, -1.35021310e-03, -5.77968265e-05,  9.95378354e-05,
        0.00000000e+00,  0.00000000e+00, -1.95827178e-04,  0.00000000e+00])
2024-11-27 16:49:02,016 - shap - INFO - num_full_subsets = 2
2024-11-27 16:49:02,023 - shap - INFO - remaining_weight_vector = array([0.20732477, 0.16660026, 0.14353254, 0.12957798, 0.12116383,
       0.11662019, 0.11518043])
2024-11-27 16:49:02,034 - shap - INFO - num_paired_subset_sizes = 8
2024-11-27 16:49:02,084 - shap - INFO - weight_left = 0.528623703595323
2024-11-27 16:49:02,179 - shap - INFO - np.sum(w_aug) = 17.999999999999996
2024-11-27 16:49:02,183 - shap - INFO - np.sum(self.kernelWeights) = 0.9999999999999999
2024-11-27 16:49:02,335 - shap - INFO - phi = array([ 0.00000000e+00,  8.73719721e-03,  8.70989873e-05,  0.00000000e+00,
        3.82326113e-03,  1.31848484e-02,  5.20288498e-03,  9.31428142e-03,
        4.69081262e-03,  2.61527800e-03,  1.35926816e-02,  6.77844836e-04,
        1.74856500e-02, -1.47938398e-03,  6.19260167e-03,  2.13404411e-05,
       -8.58253570e-05,  2.94089462e-03])
2024-11-27 16:49:02,425 - shap - INFO - num_full_subsets = 2
2024-11-27 16:49:02,429 - shap - INFO - remaining_weight_vector = array([0.21046803, 0.16837443, 0.14432094, 0.12951879, 0.12026745,
       0.11480075, 0.11224962])
2024-11-27 16:49:02,432 - shap - INFO - num_paired_subset_sizes = 9
2024-11-27 16:49:02,474 - shap - INFO - weight_left = 0.5381032434909889
2024-11-27 16:49:02,572 - shap - INFO - np.sum(w_aug) = 19.0
2024-11-27 16:49:02,577 - shap - INFO - np.sum(self.kernelWeights) = 0.9999999999999998
2024-11-27 16:49:02,773 - shap - INFO - phi = array([-4.27027606e-04,  6.05087701e-03,  1.50737404e-03, -6.98188770e-05,
        4.15252868e-03, -1.19120284e-04,  4.61029650e-03,  2.89296701e-03,
        3.16197712e-03,  1.08629331e-02,  4.47721753e-04,  1.13389074e-02,
       -3.31697616e-04,  3.70992275e-03, -3.04629404e-03, -1.59238173e-03,
       -1.83253053e-03,  3.71123323e-04,  1.31799752e-03])
2024-11-27 16:49:02,831 - shap - INFO - num_full_subsets = 2
2024-11-27 16:49:02,886 - shap - INFO - remaining_weight_vector = array([0.20732477, 0.16660026, 0.14353254, 0.12957798, 0.12116383,
       0.11662019, 0.11518043])
2024-11-27 16:49:02,891 - shap - INFO - num_paired_subset_sizes = 8
2024-11-27 16:49:02,929 - shap - INFO - weight_left = 0.528623703595323
2024-11-27 16:49:03,052 - shap - INFO - np.sum(w_aug) = 18.0
2024-11-27 16:49:03,061 - shap - INFO - np.sum(self.kernelWeights) = 0.9999999999999998
2024-11-27 16:49:03,217 - shap - INFO - phi = array([-0.00999016, -0.01238472,  0.00114272,  0.00017878,  0.00491261,
        0.00068625,  0.00612538,  0.        ,  0.00258732,  0.01295154,
        0.00075907,  0.01299131, -0.00110445,  0.00643902, -0.00222172,
        0.        ,  0.00056204,  0.00261269])
2024-11-27 16:49:03,293 - shap - INFO - num_full_subsets = 2
2024-11-27 16:49:03,302 - shap - INFO - remaining_weight_vector = array([0.21046803, 0.16837443, 0.14432094, 0.12951879, 0.12026745,
       0.11480075, 0.11224962])
2024-11-27 16:49:03,310 - shap - INFO - num_paired_subset_sizes = 9
2024-11-27 16:49:03,344 - shap - INFO - weight_left = 0.5381032434909889
2024-11-27 16:49:03,447 - shap - INFO - np.sum(w_aug) = 19.0
2024-11-27 16:49:03,452 - shap - INFO - np.sum(self.kernelWeights) = 0.9999999999999996
2024-11-27 16:49:03,657 - shap - INFO - phi = array([-9.31286008e-03, -1.31748326e-02,  1.29378700e-03,  1.69462623e-04,
        4.55101767e-03,  3.09714247e-04,  6.49898379e-03,  0.00000000e+00,
        2.49537394e-03,  5.44153541e-03,  9.05871572e-04,  4.47591939e-05,
       -1.78593088e-04,  6.48523956e-03, -1.85529336e-03, -4.81050964e-05,
       -4.71326274e-04,  1.19859543e-03,  2.93209247e-03])
2024-11-27 16:49:03,741 - shap - INFO - num_full_subsets = 2
2024-11-27 16:49:03,750 - shap - INFO - remaining_weight_vector = array([0.23108621, 0.18664656, 0.16176035, 0.14705486, 0.13865173,
       0.13480029])
2024-11-27 16:49:03,754 - shap - INFO - num_paired_subset_sizes = 8
2024-11-27 16:49:03,786 - shap - INFO - weight_left = 0.5181019626448611
2024-11-27 16:49:03,890 - shap - INFO - np.sum(w_aug) = 17.000000000000007
2024-11-27 16:49:03,895 - shap - INFO - np.sum(self.kernelWeights) = 1.0000000000000002
2024-11-27 16:49:04,105 - shap - INFO - phi = array([-0.01516889, -0.02375469,  0.00212133, -0.00010974,  0.00498366,
        0.00019539,  0.00562799, -0.00049359,  0.00024028,  0.00213718,
       -0.00126649, -0.00473163, -0.00189329,  0.00249173, -0.00193585,
       -0.00016726,  0.00179716])
2024-11-27 16:49:04,151 - shap - INFO - num_full_subsets = 2
2024-11-27 16:49:04,154 - shap - INFO - remaining_weight_vector = array([0.22727203, 0.18465852, 0.16115653, 0.14772682, 0.14069221,
       0.13849389])
2024-11-27 16:49:04,159 - shap - INFO - num_paired_subset_sizes = 7
2024-11-27 16:49:04,217 - shap - INFO - weight_left = 0.5063344810024111
2024-11-27 16:49:04,295 - shap - INFO - np.sum(w_aug) = 15.999999999999998
2024-11-27 16:49:04,300 - shap - INFO - np.sum(self.kernelWeights) = 1.0000000000000004
2024-11-27 16:49:04,384 - shap - INFO - phi = array([-0.01549215, -0.0247453 ,  0.00192913, -0.00018629,  0.00321626,
       -0.00060339,  0.0020008 , -0.000509  ,  0.00221582, -0.00186174,
       -0.00520739, -0.00220376,  0.0011295 , -0.00219331, -0.00024098,
        0.00131353])
2024-11-27 16:49:04,439 - shap - INFO - num_full_subsets = 2
2024-11-27 16:49:04,449 - shap - INFO - remaining_weight_vector = array([0.22727203, 0.18465852, 0.16115653, 0.14772682, 0.14069221,
       0.13849389])
2024-11-27 16:49:04,457 - shap - INFO - num_paired_subset_sizes = 7
2024-11-27 16:49:04,501 - shap - INFO - weight_left = 0.5063344810024111
2024-11-27 16:49:04,585 - shap - INFO - np.sum(w_aug) = 15.999999999999996
2024-11-27 16:49:04,588 - shap - INFO - np.sum(self.kernelWeights) = 1.0000000000000002
2024-11-27 16:49:04,722 - shap - INFO - phi = array([-1.80105641e-02, -3.21919336e-02,  3.95965453e-04, -1.83903487e-05,
        1.29916230e-03, -7.92199895e-04,  4.29598682e-04, -4.15250765e-04,
        9.51280340e-04, -3.07515091e-03, -5.30119057e-03, -9.01749893e-03,
        8.06046464e-05, -2.29043339e-03, -9.87074497e-05, -1.69110457e-04])
2024-11-27 16:49:04,797 - shap - INFO - num_full_subsets = 2
2024-11-27 16:49:04,806 - shap - INFO - remaining_weight_vector = array([0.22727203, 0.18465852, 0.16115653, 0.14772682, 0.14069221,
       0.13849389])
2024-11-27 16:49:04,810 - shap - INFO - num_paired_subset_sizes = 7
2024-11-27 16:49:04,845 - shap - INFO - weight_left = 0.5063344810024111
2024-11-27 16:49:04,918 - shap - INFO - np.sum(w_aug) = 16.0
2024-11-27 16:49:04,922 - shap - INFO - np.sum(self.kernelWeights) = 1.0000000000000002
2024-11-27 16:49:05,090 - shap - INFO - phi = array([-1.72785041e-02, -3.45600067e-02,  0.00000000e+00, -9.32098977e-05,
        1.65728458e-04, -6.49205028e-04, -8.24981328e-05,  4.10920449e-03,
       -1.10003219e-04,  0.00000000e+00, -5.15045042e-03, -7.98900699e-03,
        0.00000000e+00,  0.00000000e+00, -8.28004351e-05, -1.51021332e-04])
2024-11-27 16:49:05,171 - shap - INFO - num_full_subsets = 2
2024-11-27 16:49:05,197 - shap - INFO - remaining_weight_vector = array([0.22727203, 0.18465852, 0.16115653, 0.14772682, 0.14069221,
       0.13849389])
2024-11-27 16:49:05,200 - shap - INFO - num_paired_subset_sizes = 7
2024-11-27 16:49:05,235 - shap - INFO - weight_left = 0.5063344810024111
2024-11-27 16:49:05,311 - shap - INFO - np.sum(w_aug) = 15.999999999999998
2024-11-27 16:49:05,314 - shap - INFO - np.sum(self.kernelWeights) = 1.0000000000000002
2024-11-27 16:49:05,486 - shap - INFO - phi = array([ 0.00000000e+00, -1.58921592e-02,  0.00000000e+00, -2.01331423e-05,
       -5.04716525e-06, -5.07116946e-04,  2.85889491e-05, -5.10054262e-04,
        0.00000000e+00,  3.59597734e-04, -5.66061833e-05, -2.68997150e-05,
        0.00000000e+00,  0.00000000e+00,  5.30719090e-05,  0.00000000e+00])
2024-11-27 16:55:45,044 - pyswarms.single.global_best - INFO - Optimize for 10 iters with {'c1': 0.5, 'c2': 0.3, 'w': 0.9}
2024-11-27 16:55:46,865 - pyswarms.single.global_best - INFO - Optimization finished | best cost: 2.919337618172575, best pos: [3.00104154e+00 2.62311705e-01 5.20573580e+02]
