2024-10-17 14:07:22,746 - shap - INFO - num_full_subsets = 3
2024-10-17 14:07:22,748 - shap - INFO - remaining_weight_vector = array([0.3626943 , 0.32642487, 0.31088083])
2024-10-17 14:07:22,749 - shap - INFO - num_paired_subset_sizes = 6
2024-10-17 14:07:22,771 - shap - INFO - weight_left = 0.32084025993652715
2024-10-17 14:07:22,846 - shap - INFO - phi = array([-2.08655849e-07, -1.43331721e-07, -2.41589287e-07,  3.07541761e-07,
        3.27441855e-11, -3.25775973e-07, -2.57265503e-07, -5.44595076e-08,
        7.50279359e-09, -4.60971726e-07, -7.63982879e-08, -1.56828308e-08,
       -3.36512945e-07])
2024-10-17 14:07:22,865 - shap - INFO - num_full_subsets = 3
2024-10-17 14:07:22,867 - shap - INFO - remaining_weight_vector = array([0.35673839, 0.32616082, 0.31710079])
2024-10-17 14:07:22,870 - shap - INFO - num_paired_subset_sizes = 5
2024-10-17 14:07:22,895 - shap - INFO - weight_left = 0.2929005745959313
2024-10-17 14:07:22,957 - shap - INFO - phi = array([-2.66612747e-07, -2.59023501e-07, -3.07605931e-07, -5.48926061e-07,
       -4.32623564e-08, -3.62398102e-07, -1.41307794e-08, -1.39029828e-08,
       -4.16469192e-08, -1.19219722e-07, -6.30744934e-08, -3.11997773e-07])
2024-10-17 14:07:22,974 - shap - INFO - num_full_subsets = 3
2024-10-17 14:07:22,976 - shap - INFO - remaining_weight_vector = array([0.3626943 , 0.32642487, 0.31088083])
2024-10-17 14:07:22,978 - shap - INFO - num_paired_subset_sizes = 6
2024-10-17 14:07:22,998 - shap - INFO - weight_left = 0.32084025993652715
2024-10-17 14:07:23,061 - shap - INFO - phi = array([ 2.18139507e-07,  3.05399944e-07,  2.16711065e-07,  1.85824254e-07,
        2.59818115e-11,  1.67818035e-07,  3.31282868e-07,  2.75305644e-08,
        4.32005849e-10,  1.00072831e-06,  2.25266262e-07, -1.56022030e-08,
        4.20469074e-07])
2024-10-17 14:07:23,081 - shap - INFO - num_full_subsets = 3
2024-10-17 14:07:23,083 - shap - INFO - remaining_weight_vector = array([0.35673839, 0.32616082, 0.31710079])
2024-10-17 14:07:23,085 - shap - INFO - num_paired_subset_sizes = 5
2024-10-17 14:07:23,110 - shap - INFO - weight_left = 0.2929005745959313
2024-10-17 14:07:23,173 - shap - INFO - phi = array([2.90237244e-07, 1.84817181e-07, 2.66644359e-07, 4.75157501e-07,
       5.13896939e-08, 2.17799996e-07, 1.10881346e-07, 7.17145143e-08,
       4.97601884e-08, 5.70368859e-08, 1.24098124e-07, 4.29063113e-07])
2024-10-17 14:07:23,188 - shap - INFO - num_full_subsets = 3
2024-10-17 14:07:23,190 - shap - INFO - remaining_weight_vector = array([0.35673839, 0.32616082, 0.31710079])
2024-10-17 14:07:23,191 - shap - INFO - num_paired_subset_sizes = 5
2024-10-17 14:07:23,214 - shap - INFO - weight_left = 0.2929005745959313
2024-10-17 14:07:23,285 - shap - INFO - phi = array([ 2.07820140e-07,  1.26419098e-07, -1.81232611e-07,  2.48040125e-07,
       -1.17634504e-08,  1.49862899e-07,  4.19309355e-08,  1.52744016e-08,
       -1.09529708e-08, -4.64113963e-09, -3.37354739e-08, -1.29370438e-07])
2024-10-17 14:07:23,303 - shap - INFO - num_full_subsets = 3
2024-10-17 14:07:23,305 - shap - INFO - remaining_weight_vector = array([0.35673839, 0.32616082, 0.31710079])
2024-10-17 14:07:23,307 - shap - INFO - num_paired_subset_sizes = 5
2024-10-17 14:07:23,334 - shap - INFO - weight_left = 0.2929005745959313
2024-10-17 14:07:23,399 - shap - INFO - phi = array([-2.81658357e-07, -2.75197399e-07,  1.94364840e-07, -6.20423549e-07,
       -4.38987916e-08,  1.17012912e-07, -2.69765105e-07, -9.79297197e-08,
       -6.00202173e-08, -1.28128050e-07, -6.19285488e-08, -1.45337647e-07])
2024-10-17 14:07:23,418 - shap - INFO - num_full_subsets = 3
2024-10-17 14:07:23,420 - shap - INFO - remaining_weight_vector = array([0.3626943 , 0.32642487, 0.31088083])
2024-10-17 14:07:23,422 - shap - INFO - num_paired_subset_sizes = 6
2024-10-17 14:07:23,442 - shap - INFO - weight_left = 0.32084025993652715
2024-10-17 14:07:23,513 - shap - INFO - phi = array([ 5.82224140e-07,  7.88905725e-07,  2.17413456e-07,  4.05296726e-07,
        4.39859979e-07,  1.42743717e-07,  6.63994330e-07, -3.09619258e-08,
       -1.18451783e-09,  1.02667832e-06,  2.36152998e-07,  8.93666508e-08,
        4.14285368e-07])
2024-10-17 14:07:23,526 - shap - INFO - num_full_subsets = 2
2024-10-17 14:07:23,528 - shap - INFO - remaining_weight_vector = array([0.25514743, 0.21049663, 0.18710811, 0.17541386, 0.17183398])
2024-10-17 14:07:23,530 - shap - INFO - num_paired_subset_sizes = 6
2024-10-17 14:07:23,563 - shap - INFO - weight_left = 0.47792874825587944
2024-10-17 14:07:23,633 - shap - INFO - np.sum(w_aug) = 14.0
2024-10-17 14:07:23,635 - shap - INFO - np.sum(self.kernelWeights) = 1.0000000000000002
2024-10-17 14:07:23,828 - shap - INFO - num_full_subsets = 2
2024-10-17 14:07:23,830 - shap - INFO - remaining_weight_vector = array([0.25514743, 0.21049663, 0.18710811, 0.17541386, 0.17183398])
2024-10-17 14:07:23,831 - shap - INFO - num_paired_subset_sizes = 6
2024-10-17 14:07:23,865 - shap - INFO - weight_left = 0.47792874825587944
2024-10-17 14:07:23,925 - shap - INFO - np.sum(w_aug) = 14.000000000000002
2024-10-17 14:07:23,927 - shap - INFO - np.sum(self.kernelWeights) = 1.0
2024-10-17 14:07:24,047 - shap - INFO - phi = array([1.28920974e-06, 1.39474094e-06, 1.26070287e-06, 0.00000000e+00,
       0.00000000e+00, 0.00000000e+00, 0.00000000e+00, 1.33772218e-06,
       0.00000000e+00, 0.00000000e+00, 2.01860332e-06, 0.00000000e+00,
       0.00000000e+00, 1.27573682e-06])
2024-10-17 14:07:24,071 - shap - INFO - num_full_subsets = 3
2024-10-17 14:07:24,074 - shap - INFO - remaining_weight_vector = array([0.35673839, 0.32616082, 0.31710079])
2024-10-17 14:07:24,074 - shap - INFO - num_paired_subset_sizes = 5
2024-10-17 14:07:24,112 - shap - INFO - weight_left = 0.2929005745959313
2024-10-17 14:07:24,171 - shap - INFO - phi = array([ 2.27516151e-07,  2.71821294e-07, -2.56475859e-07,  2.32810780e-07,
        1.82134414e-07, -3.37686379e-07,  3.21572072e-07,  1.28825588e-08,
        4.68101583e-09, -8.40790702e-08, -3.02210912e-08, -1.41585095e-07])
2024-10-17 14:07:24,178 - shap - INFO - num_full_subsets = 2
2024-10-17 14:07:24,179 - shap - INFO - remaining_weight_vector = array([0.25514743, 0.21049663, 0.18710811, 0.17541386, 0.17183398])
2024-10-17 14:07:24,179 - shap - INFO - num_paired_subset_sizes = 6
2024-10-17 14:07:24,194 - shap - INFO - weight_left = 0.47792874825587944
2024-10-17 14:07:24,242 - shap - INFO - np.sum(w_aug) = 14.0
2024-10-17 14:07:24,244 - shap - INFO - np.sum(self.kernelWeights) = 1.0
2024-10-17 14:07:24,357 - shap - INFO - phi = array([ 0.00000000e+00,  0.00000000e+00,  0.00000000e+00,  0.00000000e+00,
        0.00000000e+00,  0.00000000e+00,  0.00000000e+00,  0.00000000e+00,
        0.00000000e+00,  0.00000000e+00, -3.65521274e-06, -3.54973720e-06,
        0.00000000e+00,  0.00000000e+00])
2024-10-17 14:07:24,371 - shap - INFO - num_full_subsets = 3
2024-10-17 14:07:24,372 - shap - INFO - remaining_weight_vector = array([0.3626943 , 0.32642487, 0.31088083])
2024-10-17 14:07:24,373 - shap - INFO - num_paired_subset_sizes = 6
2024-10-17 14:07:24,390 - shap - INFO - weight_left = 0.32084025993652715
2024-10-17 14:07:24,471 - shap - INFO - phi = array([ 5.45873359e-07,  7.72993873e-07,  2.11200800e-07,  4.10314080e-07,
        4.30171875e-07,  1.33872872e-07,  6.25760101e-07,  1.55114582e-08,
        2.21720714e-09,  1.01613696e-06,  2.24947117e-07, -1.77402372e-08,
        4.18665218e-07])
2024-10-17 14:07:24,480 - shap - INFO - num_full_subsets = 3
2024-10-17 14:07:24,481 - shap - INFO - remaining_weight_vector = array([0.3626943 , 0.32642487, 0.31088083])
2024-10-17 14:07:24,482 - shap - INFO - num_paired_subset_sizes = 6
2024-10-17 14:07:24,492 - shap - INFO - weight_left = 0.32084025993652715
2024-10-17 14:07:24,527 - shap - INFO - phi = array([ 5.33817427e-07,  7.32660361e-07,  1.99470211e-07,  3.95697314e-07,
        4.09454125e-07,  1.08349169e-07,  5.66499417e-07, -3.41594016e-08,
        2.25767021e-09,  9.93226360e-07,  2.70542513e-07, -1.78883752e-08,
        4.18384858e-07])
2024-10-17 14:07:24,536 - shap - INFO - num_full_subsets = 3
2024-10-17 14:07:24,538 - shap - INFO - remaining_weight_vector = array([0.3626943 , 0.32642487, 0.31088083])
2024-10-17 14:07:24,539 - shap - INFO - num_paired_subset_sizes = 6
2024-10-17 14:07:24,550 - shap - INFO - weight_left = 0.32084025993652715
2024-10-17 14:07:24,586 - shap - INFO - phi = array([ 5.00583786e-07,  7.49258725e-07,  2.16758128e-07,  2.02917565e-07,
        4.20181377e-07,  1.27036573e-07,  5.80636911e-07,  1.58234211e-08,
        2.28327219e-09,  1.01520545e-06,  2.16939611e-07, -1.72684733e-08,
        4.07732013e-07])
2024-10-17 14:07:24,596 - shap - INFO - num_full_subsets = 3
2024-10-17 14:07:24,597 - shap - INFO - remaining_weight_vector = array([0.3626943 , 0.32642487, 0.31088083])
2024-10-17 14:07:24,599 - shap - INFO - num_paired_subset_sizes = 6
2024-10-17 14:07:24,609 - shap - INFO - weight_left = 0.32084025993652715
2024-10-17 14:07:24,642 - shap - INFO - phi = array([-1.88032038e-07, -1.61627893e-07, -2.32624929e-07,  3.23345465e-07,
        2.58234727e-11,  1.74888061e-07, -4.07058167e-07, -5.43092439e-08,
        1.43474138e-08, -4.49245365e-07, -4.67016027e-07, -1.88274780e-08,
       -3.30891121e-07])
2024-10-17 14:10:42,276 - shap - INFO - num_full_subsets = 3
2024-10-17 14:10:42,278 - shap - INFO - remaining_weight_vector = array([0.3626943 , 0.32642487, 0.31088083])
2024-10-17 14:10:42,280 - shap - INFO - num_paired_subset_sizes = 6
2024-10-17 14:10:42,297 - shap - INFO - weight_left = 0.32084025993652715
2024-10-17 14:10:42,364 - shap - INFO - phi = array([-2.08655849e-07, -1.43331721e-07, -2.41589287e-07,  3.07541761e-07,
        3.27441855e-11, -3.25775973e-07, -2.57265503e-07, -5.44595076e-08,
        7.50279359e-09, -4.60971726e-07, -7.63982879e-08, -1.56828308e-08,
       -3.36512945e-07])
2024-10-17 14:10:42,379 - shap - INFO - num_full_subsets = 3
2024-10-17 14:10:42,386 - shap - INFO - remaining_weight_vector = array([0.35673839, 0.32616082, 0.31710079])
2024-10-17 14:10:42,387 - shap - INFO - num_paired_subset_sizes = 5
2024-10-17 14:10:42,413 - shap - INFO - weight_left = 0.2929005745959313
2024-10-17 14:10:42,460 - shap - INFO - phi = array([-2.66612747e-07, -2.59023501e-07, -3.07605931e-07, -5.48926061e-07,
       -4.32623564e-08, -3.62398102e-07, -1.41307794e-08, -1.39029828e-08,
       -4.16469192e-08, -1.19219722e-07, -6.30744934e-08, -3.11997773e-07])
2024-10-17 14:10:42,473 - shap - INFO - num_full_subsets = 3
2024-10-17 14:10:42,475 - shap - INFO - remaining_weight_vector = array([0.3626943 , 0.32642487, 0.31088083])
2024-10-17 14:10:42,475 - shap - INFO - num_paired_subset_sizes = 6
2024-10-17 14:10:42,490 - shap - INFO - weight_left = 0.32084025993652715
2024-10-17 14:10:42,538 - shap - INFO - phi = array([ 2.18139507e-07,  3.05399944e-07,  2.16711065e-07,  1.85824254e-07,
        2.59818115e-11,  1.67818035e-07,  3.31282868e-07,  2.75305644e-08,
        4.32005849e-10,  1.00072831e-06,  2.25266262e-07, -1.56022030e-08,
        4.20469074e-07])
2024-10-17 14:10:42,551 - shap - INFO - num_full_subsets = 3
2024-10-17 14:10:42,552 - shap - INFO - remaining_weight_vector = array([0.35673839, 0.32616082, 0.31710079])
2024-10-17 14:10:42,553 - shap - INFO - num_paired_subset_sizes = 5
2024-10-17 14:10:42,571 - shap - INFO - weight_left = 0.2929005745959313
2024-10-17 14:10:42,617 - shap - INFO - phi = array([2.90237244e-07, 1.84817181e-07, 2.66644359e-07, 4.75157501e-07,
       5.13896939e-08, 2.17799996e-07, 1.10881346e-07, 7.17145143e-08,
       4.97601884e-08, 5.70368859e-08, 1.24098124e-07, 4.29063113e-07])
2024-10-17 14:10:42,629 - shap - INFO - num_full_subsets = 3
2024-10-17 14:10:42,630 - shap - INFO - remaining_weight_vector = array([0.35673839, 0.32616082, 0.31710079])
2024-10-17 14:10:42,631 - shap - INFO - num_paired_subset_sizes = 5
2024-10-17 14:10:42,647 - shap - INFO - weight_left = 0.2929005745959313
2024-10-17 14:10:42,691 - shap - INFO - phi = array([ 2.07820140e-07,  1.26419098e-07, -1.81232611e-07,  2.48040125e-07,
       -1.17634504e-08,  1.49862899e-07,  4.19309355e-08,  1.52744016e-08,
       -1.09529708e-08, -4.64113963e-09, -3.37354739e-08, -1.29370438e-07])
2024-10-17 14:10:42,704 - shap - INFO - num_full_subsets = 3
2024-10-17 14:10:42,705 - shap - INFO - remaining_weight_vector = array([0.35673839, 0.32616082, 0.31710079])
2024-10-17 14:10:42,706 - shap - INFO - num_paired_subset_sizes = 5
2024-10-17 14:10:42,724 - shap - INFO - weight_left = 0.2929005745959313
2024-10-17 14:10:42,770 - shap - INFO - phi = array([-2.81658357e-07, -2.75197399e-07,  1.94364840e-07, -6.20423549e-07,
       -4.38987916e-08,  1.17012912e-07, -2.69765105e-07, -9.79297197e-08,
       -6.00202173e-08, -1.28128050e-07, -6.19285488e-08, -1.45337647e-07])
2024-10-17 14:10:42,784 - shap - INFO - num_full_subsets = 3
2024-10-17 14:10:42,786 - shap - INFO - remaining_weight_vector = array([0.3626943 , 0.32642487, 0.31088083])
2024-10-17 14:10:42,786 - shap - INFO - num_paired_subset_sizes = 6
2024-10-17 14:10:42,800 - shap - INFO - weight_left = 0.32084025993652715
2024-10-17 14:10:42,847 - shap - INFO - phi = array([ 5.82224140e-07,  7.88905725e-07,  2.17413456e-07,  4.05296726e-07,
        4.39859979e-07,  1.42743717e-07,  6.63994330e-07, -3.09619258e-08,
       -1.18451783e-09,  1.02667832e-06,  2.36152998e-07,  8.93666508e-08,
        4.14285368e-07])
2024-10-17 14:10:42,855 - shap - INFO - num_full_subsets = 2
2024-10-17 14:10:42,857 - shap - INFO - remaining_weight_vector = array([0.25514743, 0.21049663, 0.18710811, 0.17541386, 0.17183398])
2024-10-17 14:10:42,858 - shap - INFO - num_paired_subset_sizes = 6
2024-10-17 14:10:42,879 - shap - INFO - weight_left = 0.47792874825587944
2024-10-17 14:10:42,925 - shap - INFO - np.sum(w_aug) = 14.0
2024-10-17 14:10:42,926 - shap - INFO - np.sum(self.kernelWeights) = 1.0000000000000002
2024-10-17 14:10:43,101 - shap - INFO - num_full_subsets = 2
2024-10-17 14:10:43,103 - shap - INFO - remaining_weight_vector = array([0.25514743, 0.21049663, 0.18710811, 0.17541386, 0.17183398])
2024-10-17 14:10:43,114 - shap - INFO - num_paired_subset_sizes = 6
2024-10-17 14:10:43,178 - shap - INFO - weight_left = 0.47792874825587944
2024-10-17 14:10:43,233 - shap - INFO - np.sum(w_aug) = 14.000000000000002
2024-10-17 14:10:43,235 - shap - INFO - np.sum(self.kernelWeights) = 1.0
2024-10-17 14:10:43,301 - shap - INFO - phi = array([1.28920974e-06, 1.39474094e-06, 1.26070287e-06, 0.00000000e+00,
       0.00000000e+00, 0.00000000e+00, 0.00000000e+00, 1.33772218e-06,
       0.00000000e+00, 0.00000000e+00, 2.01860332e-06, 0.00000000e+00,
       0.00000000e+00, 1.27573682e-06])
2024-10-17 14:10:43,368 - shap - INFO - num_full_subsets = 3
2024-10-17 14:10:43,370 - shap - INFO - remaining_weight_vector = array([0.35673839, 0.32616082, 0.31710079])
2024-10-17 14:10:43,372 - shap - INFO - num_paired_subset_sizes = 5
2024-10-17 14:10:43,400 - shap - INFO - weight_left = 0.2929005745959313
2024-10-17 14:10:43,450 - shap - INFO - phi = array([ 2.27516151e-07,  2.71821294e-07, -2.56475859e-07,  2.32810780e-07,
        1.82134414e-07, -3.37686379e-07,  3.21572072e-07,  1.28825588e-08,
        4.68101583e-09, -8.40790702e-08, -3.02210912e-08, -1.41585095e-07])
2024-10-17 14:10:43,472 - shap - INFO - num_full_subsets = 2
2024-10-17 14:10:43,475 - shap - INFO - remaining_weight_vector = array([0.25514743, 0.21049663, 0.18710811, 0.17541386, 0.17183398])
2024-10-17 14:10:43,476 - shap - INFO - num_paired_subset_sizes = 6
2024-10-17 14:10:43,498 - shap - INFO - weight_left = 0.47792874825587944
2024-10-17 14:10:43,544 - shap - INFO - np.sum(w_aug) = 14.0
2024-10-17 14:10:43,545 - shap - INFO - np.sum(self.kernelWeights) = 1.0
2024-10-17 14:10:43,666 - shap - INFO - phi = array([ 0.00000000e+00,  0.00000000e+00,  0.00000000e+00,  0.00000000e+00,
        0.00000000e+00,  0.00000000e+00,  0.00000000e+00,  0.00000000e+00,
        0.00000000e+00,  0.00000000e+00, -3.65521274e-06, -3.54973720e-06,
        0.00000000e+00,  0.00000000e+00])
2024-10-17 14:10:43,768 - shap - INFO - num_full_subsets = 3
2024-10-17 14:10:43,771 - shap - INFO - remaining_weight_vector = array([0.3626943 , 0.32642487, 0.31088083])
2024-10-17 14:10:43,773 - shap - INFO - num_paired_subset_sizes = 6
2024-10-17 14:10:43,790 - shap - INFO - weight_left = 0.32084025993652715
2024-10-17 14:10:43,838 - shap - INFO - phi = array([ 5.45873359e-07,  7.72993873e-07,  2.11200800e-07,  4.10314080e-07,
        4.30171875e-07,  1.33872872e-07,  6.25760101e-07,  1.55114582e-08,
        2.21720714e-09,  1.01613696e-06,  2.24947117e-07, -1.77402372e-08,
        4.18665218e-07])
2024-10-17 14:10:43,852 - shap - INFO - num_full_subsets = 3
2024-10-17 14:10:43,855 - shap - INFO - remaining_weight_vector = array([0.3626943 , 0.32642487, 0.31088083])
2024-10-17 14:10:43,858 - shap - INFO - num_paired_subset_sizes = 6
2024-10-17 14:10:43,874 - shap - INFO - weight_left = 0.32084025993652715
2024-10-17 14:10:43,925 - shap - INFO - phi = array([ 5.33817427e-07,  7.32660361e-07,  1.99470211e-07,  3.95697314e-07,
        4.09454125e-07,  1.08349169e-07,  5.66499417e-07, -3.41594016e-08,
        2.25767021e-09,  9.93226360e-07,  2.70542513e-07, -1.78883752e-08,
        4.18384858e-07])
2024-10-17 14:10:43,939 - shap - INFO - num_full_subsets = 3
2024-10-17 14:10:43,941 - shap - INFO - remaining_weight_vector = array([0.3626943 , 0.32642487, 0.31088083])
2024-10-17 14:10:43,943 - shap - INFO - num_paired_subset_sizes = 6
2024-10-17 14:10:43,959 - shap - INFO - weight_left = 0.32084025993652715
2024-10-17 14:10:44,010 - shap - INFO - phi = array([ 5.00583786e-07,  7.49258725e-07,  2.16758128e-07,  2.02917565e-07,
        4.20181377e-07,  1.27036573e-07,  5.80636911e-07,  1.58234211e-08,
        2.28327219e-09,  1.01520545e-06,  2.16939611e-07, -1.72684733e-08,
        4.07732013e-07])
2024-10-17 14:10:44,024 - shap - INFO - num_full_subsets = 3
2024-10-17 14:10:44,105 - shap - INFO - remaining_weight_vector = array([0.3626943 , 0.32642487, 0.31088083])
2024-10-17 14:10:44,106 - shap - INFO - num_paired_subset_sizes = 6
2024-10-17 14:10:44,126 - shap - INFO - weight_left = 0.32084025993652715
2024-10-17 14:10:44,175 - shap - INFO - phi = array([-1.88032038e-07, -1.61627893e-07, -2.32624929e-07,  3.23345465e-07,
        2.58234727e-11,  1.74888061e-07, -4.07058167e-07, -5.43092439e-08,
        1.43474138e-08, -4.49245365e-07, -4.67016027e-07, -1.88274780e-08,
       -3.30891121e-07])
2024-10-17 14:18:54,497 - shap - INFO - num_full_subsets = 3
2024-10-17 14:18:54,502 - shap - INFO - remaining_weight_vector = array([0.3626943 , 0.32642487, 0.31088083])
2024-10-17 14:18:54,505 - shap - INFO - num_paired_subset_sizes = 6
2024-10-17 14:18:54,523 - shap - INFO - weight_left = 0.32084025993652715
2024-10-17 14:18:54,558 - shap - INFO - phi = array([-2.08655849e-07, -1.43331721e-07, -2.41589287e-07,  3.07541761e-07,
        3.27441855e-11, -3.25775973e-07, -2.57265503e-07, -5.44595076e-08,
        7.50279359e-09, -4.60971726e-07, -7.63982879e-08, -1.56828308e-08,
       -3.36512945e-07])
2024-10-17 14:18:54,568 - shap - INFO - num_full_subsets = 3
2024-10-17 14:18:54,572 - shap - INFO - remaining_weight_vector = array([0.35673839, 0.32616082, 0.31710079])
2024-10-17 14:18:54,575 - shap - INFO - num_paired_subset_sizes = 5
2024-10-17 14:18:54,590 - shap - INFO - weight_left = 0.2929005745959313
2024-10-17 14:18:54,623 - shap - INFO - phi = array([-2.66612747e-07, -2.59023501e-07, -3.07605931e-07, -5.48926061e-07,
       -4.32623564e-08, -3.62398102e-07, -1.41307794e-08, -1.39029828e-08,
       -4.16469192e-08, -1.19219722e-07, -6.30744934e-08, -3.11997773e-07])
2024-10-17 14:18:54,636 - shap - INFO - num_full_subsets = 3
2024-10-17 14:18:54,638 - shap - INFO - remaining_weight_vector = array([0.3626943 , 0.32642487, 0.31088083])
2024-10-17 14:18:54,639 - shap - INFO - num_paired_subset_sizes = 6
2024-10-17 14:18:54,649 - shap - INFO - weight_left = 0.32084025993652715
2024-10-17 14:18:54,682 - shap - INFO - phi = array([ 2.18139507e-07,  3.05399944e-07,  2.16711065e-07,  1.85824254e-07,
        2.59818115e-11,  1.67818035e-07,  3.31282868e-07,  2.75305644e-08,
        4.32005849e-10,  1.00072831e-06,  2.25266262e-07, -1.56022030e-08,
        4.20469074e-07])
2024-10-17 14:18:54,692 - shap - INFO - num_full_subsets = 3
2024-10-17 14:18:54,694 - shap - INFO - remaining_weight_vector = array([0.35673839, 0.32616082, 0.31710079])
2024-10-17 14:18:54,696 - shap - INFO - num_paired_subset_sizes = 5
2024-10-17 14:18:54,715 - shap - INFO - weight_left = 0.2929005745959313
2024-10-17 14:18:54,752 - shap - INFO - phi = array([2.90237244e-07, 1.84817181e-07, 2.66644359e-07, 4.75157501e-07,
       5.13896939e-08, 2.17799996e-07, 1.10881346e-07, 7.17145143e-08,
       4.97601884e-08, 5.70368859e-08, 1.24098124e-07, 4.29063113e-07])
2024-10-17 14:18:54,763 - shap - INFO - num_full_subsets = 3
2024-10-17 14:18:54,765 - shap - INFO - remaining_weight_vector = array([0.35673839, 0.32616082, 0.31710079])
2024-10-17 14:18:54,766 - shap - INFO - num_paired_subset_sizes = 5
2024-10-17 14:18:54,788 - shap - INFO - weight_left = 0.2929005745959313
2024-10-17 14:18:54,824 - shap - INFO - phi = array([ 2.07820140e-07,  1.26419098e-07, -1.81232611e-07,  2.48040125e-07,
       -1.17634504e-08,  1.49862899e-07,  4.19309355e-08,  1.52744016e-08,
       -1.09529708e-08, -4.64113963e-09, -3.37354739e-08, -1.29370438e-07])
2024-10-17 14:18:54,836 - shap - INFO - num_full_subsets = 3
2024-10-17 14:18:54,838 - shap - INFO - remaining_weight_vector = array([0.35673839, 0.32616082, 0.31710079])
2024-10-17 14:18:54,839 - shap - INFO - num_paired_subset_sizes = 5
2024-10-17 14:18:54,857 - shap - INFO - weight_left = 0.2929005745959313
2024-10-17 14:18:54,892 - shap - INFO - phi = array([-2.81658357e-07, -2.75197399e-07,  1.94364840e-07, -6.20423549e-07,
       -4.38987916e-08,  1.17012912e-07, -2.69765105e-07, -9.79297197e-08,
       -6.00202173e-08, -1.28128050e-07, -6.19285488e-08, -1.45337647e-07])
2024-10-17 14:18:54,903 - shap - INFO - num_full_subsets = 3
2024-10-17 14:18:54,906 - shap - INFO - remaining_weight_vector = array([0.3626943 , 0.32642487, 0.31088083])
2024-10-17 14:18:54,908 - shap - INFO - num_paired_subset_sizes = 6
2024-10-17 14:18:54,919 - shap - INFO - weight_left = 0.32084025993652715
2024-10-17 14:18:54,954 - shap - INFO - phi = array([ 5.82224140e-07,  7.88905725e-07,  2.17413456e-07,  4.05296726e-07,
        4.39859979e-07,  1.42743717e-07,  6.63994330e-07, -3.09619258e-08,
       -1.18451783e-09,  1.02667832e-06,  2.36152998e-07,  8.93666508e-08,
        4.14285368e-07])
2024-10-17 14:18:54,962 - shap - INFO - num_full_subsets = 2
2024-10-17 14:18:54,965 - shap - INFO - remaining_weight_vector = array([0.25514743, 0.21049663, 0.18710811, 0.17541386, 0.17183398])
2024-10-17 14:18:54,967 - shap - INFO - num_paired_subset_sizes = 6
2024-10-17 14:18:54,983 - shap - INFO - weight_left = 0.47792874825587944
2024-10-17 14:18:55,019 - shap - INFO - np.sum(w_aug) = 14.0
2024-10-17 14:18:55,022 - shap - INFO - np.sum(self.kernelWeights) = 1.0000000000000002
2024-10-17 14:18:55,068 - shap - INFO - num_full_subsets = 2
2024-10-17 14:18:55,070 - shap - INFO - remaining_weight_vector = array([0.25514743, 0.21049663, 0.18710811, 0.17541386, 0.17183398])
2024-10-17 14:18:55,070 - shap - INFO - num_paired_subset_sizes = 6
2024-10-17 14:18:55,110 - shap - INFO - weight_left = 0.47792874825587944
2024-10-17 14:18:55,176 - shap - INFO - np.sum(w_aug) = 14.000000000000002
2024-10-17 14:18:55,178 - shap - INFO - np.sum(self.kernelWeights) = 1.0
2024-10-17 14:18:55,240 - shap - INFO - phi = array([1.28920974e-06, 1.39474094e-06, 1.26070287e-06, 0.00000000e+00,
       0.00000000e+00, 0.00000000e+00, 0.00000000e+00, 1.33772218e-06,
       0.00000000e+00, 0.00000000e+00, 2.01860332e-06, 0.00000000e+00,
       0.00000000e+00, 1.27573682e-06])
2024-10-17 14:18:55,321 - shap - INFO - num_full_subsets = 3
2024-10-17 14:18:55,324 - shap - INFO - remaining_weight_vector = array([0.35673839, 0.32616082, 0.31710079])
2024-10-17 14:18:55,327 - shap - INFO - num_paired_subset_sizes = 5
2024-10-17 14:18:55,358 - shap - INFO - weight_left = 0.2929005745959313
2024-10-17 14:18:55,425 - shap - INFO - phi = array([ 2.27516151e-07,  2.71821294e-07, -2.56475859e-07,  2.32810780e-07,
        1.82134414e-07, -3.37686379e-07,  3.21572072e-07,  1.28825588e-08,
        4.68101583e-09, -8.40790702e-08, -3.02210912e-08, -1.41585095e-07])
2024-10-17 14:18:55,445 - shap - INFO - num_full_subsets = 2
2024-10-17 14:18:55,447 - shap - INFO - remaining_weight_vector = array([0.25514743, 0.21049663, 0.18710811, 0.17541386, 0.17183398])
2024-10-17 14:18:55,450 - shap - INFO - num_paired_subset_sizes = 6
2024-10-17 14:18:55,495 - shap - INFO - weight_left = 0.47792874825587944
2024-10-17 14:18:55,571 - shap - INFO - np.sum(w_aug) = 14.0
2024-10-17 14:18:55,573 - shap - INFO - np.sum(self.kernelWeights) = 1.0
2024-10-17 14:18:55,656 - shap - INFO - phi = array([ 0.00000000e+00,  0.00000000e+00,  0.00000000e+00,  0.00000000e+00,
        0.00000000e+00,  0.00000000e+00,  0.00000000e+00,  0.00000000e+00,
        0.00000000e+00,  0.00000000e+00, -3.65521274e-06, -3.54973720e-06,
        0.00000000e+00,  0.00000000e+00])
2024-10-17 14:18:55,754 - shap - INFO - num_full_subsets = 3
2024-10-17 14:18:55,756 - shap - INFO - remaining_weight_vector = array([0.3626943 , 0.32642487, 0.31088083])
2024-10-17 14:18:55,758 - shap - INFO - num_paired_subset_sizes = 6
2024-10-17 14:18:55,781 - shap - INFO - weight_left = 0.32084025993652715
2024-10-17 14:18:55,840 - shap - INFO - phi = array([ 5.45873359e-07,  7.72993873e-07,  2.11200800e-07,  4.10314080e-07,
        4.30171875e-07,  1.33872872e-07,  6.25760101e-07,  1.55114582e-08,
        2.21720714e-09,  1.01613696e-06,  2.24947117e-07, -1.77402372e-08,
        4.18665218e-07])
2024-10-17 14:18:55,857 - shap - INFO - num_full_subsets = 3
2024-10-17 14:18:55,861 - shap - INFO - remaining_weight_vector = array([0.3626943 , 0.32642487, 0.31088083])
2024-10-17 14:18:55,863 - shap - INFO - num_paired_subset_sizes = 6
2024-10-17 14:18:55,880 - shap - INFO - weight_left = 0.32084025993652715
2024-10-17 14:18:55,929 - shap - INFO - phi = array([ 5.33817427e-07,  7.32660361e-07,  1.99470211e-07,  3.95697314e-07,
        4.09454125e-07,  1.08349169e-07,  5.66499417e-07, -3.41594016e-08,
        2.25767021e-09,  9.93226360e-07,  2.70542513e-07, -1.78883752e-08,
        4.18384858e-07])
2024-10-17 14:18:55,944 - shap - INFO - num_full_subsets = 3
2024-10-17 14:18:55,947 - shap - INFO - remaining_weight_vector = array([0.3626943 , 0.32642487, 0.31088083])
2024-10-17 14:18:55,949 - shap - INFO - num_paired_subset_sizes = 6
2024-10-17 14:18:55,964 - shap - INFO - weight_left = 0.32084025993652715
2024-10-17 14:18:56,014 - shap - INFO - phi = array([ 5.00583786e-07,  7.49258725e-07,  2.16758128e-07,  2.02917565e-07,
        4.20181377e-07,  1.27036573e-07,  5.80636911e-07,  1.58234211e-08,
        2.28327219e-09,  1.01520545e-06,  2.16939611e-07, -1.72684733e-08,
        4.07732013e-07])
2024-10-17 14:18:56,029 - shap - INFO - num_full_subsets = 3
2024-10-17 14:18:56,032 - shap - INFO - remaining_weight_vector = array([0.3626943 , 0.32642487, 0.31088083])
2024-10-17 14:18:56,034 - shap - INFO - num_paired_subset_sizes = 6
2024-10-17 14:18:56,051 - shap - INFO - weight_left = 0.32084025993652715
2024-10-17 14:18:56,104 - shap - INFO - phi = array([-1.88032038e-07, -1.61627893e-07, -2.32624929e-07,  3.23345465e-07,
        2.58234727e-11,  1.74888061e-07, -4.07058167e-07, -5.43092439e-08,
        1.43474138e-08, -4.49245365e-07, -4.67016027e-07, -1.88274780e-08,
       -3.30891121e-07])
2024-10-17 14:43:08,597 - shap - INFO - num_full_subsets = 3
2024-10-17 14:43:08,600 - shap - INFO - remaining_weight_vector = array([0.3626943 , 0.32642487, 0.31088083])
2024-10-17 14:43:08,603 - shap - INFO - num_paired_subset_sizes = 6
2024-10-17 14:43:08,615 - shap - INFO - weight_left = 0.32084025993652715
2024-10-17 14:43:08,651 - shap - INFO - phi = array([-2.08655849e-07, -1.43331721e-07, -2.41589287e-07,  3.07541761e-07,
        3.27441855e-11, -3.25775973e-07, -2.57265503e-07, -5.44595076e-08,
        7.50279359e-09, -4.60971726e-07, -7.63982879e-08, -1.56828308e-08,
       -3.36512945e-07])
2024-10-17 14:43:08,660 - shap - INFO - num_full_subsets = 3
2024-10-17 14:43:08,663 - shap - INFO - remaining_weight_vector = array([0.35673839, 0.32616082, 0.31710079])
2024-10-17 14:43:08,666 - shap - INFO - num_paired_subset_sizes = 5
2024-10-17 14:43:08,680 - shap - INFO - weight_left = 0.2929005745959313
2024-10-17 14:43:08,712 - shap - INFO - phi = array([-2.66612747e-07, -2.59023501e-07, -3.07605931e-07, -5.48926061e-07,
       -4.32623564e-08, -3.62398102e-07, -1.41307794e-08, -1.39029828e-08,
       -4.16469192e-08, -1.19219722e-07, -6.30744934e-08, -3.11997773e-07])
2024-10-17 14:43:08,722 - shap - INFO - num_full_subsets = 3
2024-10-17 14:43:08,725 - shap - INFO - remaining_weight_vector = array([0.3626943 , 0.32642487, 0.31088083])
2024-10-17 14:43:08,727 - shap - INFO - num_paired_subset_sizes = 6
2024-10-17 14:43:08,738 - shap - INFO - weight_left = 0.32084025993652715
2024-10-17 14:43:08,771 - shap - INFO - phi = array([ 2.18139507e-07,  3.05399944e-07,  2.16711065e-07,  1.85824254e-07,
        2.59818115e-11,  1.67818035e-07,  3.31282868e-07,  2.75305644e-08,
        4.32005849e-10,  1.00072831e-06,  2.25266262e-07, -1.56022030e-08,
        4.20469074e-07])
2024-10-17 14:43:08,780 - shap - INFO - num_full_subsets = 3
2024-10-17 14:43:08,783 - shap - INFO - remaining_weight_vector = array([0.35673839, 0.32616082, 0.31710079])
2024-10-17 14:43:08,785 - shap - INFO - num_paired_subset_sizes = 5
2024-10-17 14:43:08,798 - shap - INFO - weight_left = 0.2929005745959313
2024-10-17 14:43:08,829 - shap - INFO - phi = array([2.90237244e-07, 1.84817181e-07, 2.66644359e-07, 4.75157501e-07,
       5.13896939e-08, 2.17799996e-07, 1.10881346e-07, 7.17145143e-08,
       4.97601884e-08, 5.70368859e-08, 1.24098124e-07, 4.29063113e-07])
2024-10-17 14:43:08,839 - shap - INFO - num_full_subsets = 3
2024-10-17 14:43:08,841 - shap - INFO - remaining_weight_vector = array([0.35673839, 0.32616082, 0.31710079])
2024-10-17 14:43:08,843 - shap - INFO - num_paired_subset_sizes = 5
2024-10-17 14:43:08,856 - shap - INFO - weight_left = 0.2929005745959313
2024-10-17 14:43:08,887 - shap - INFO - phi = array([ 2.07820140e-07,  1.26419098e-07, -1.81232611e-07,  2.48040125e-07,
       -1.17634504e-08,  1.49862899e-07,  4.19309355e-08,  1.52744016e-08,
       -1.09529708e-08, -4.64113963e-09, -3.37354739e-08, -1.29370438e-07])
2024-10-17 14:43:08,896 - shap - INFO - num_full_subsets = 3
2024-10-17 14:43:08,899 - shap - INFO - remaining_weight_vector = array([0.35673839, 0.32616082, 0.31710079])
2024-10-17 14:43:08,900 - shap - INFO - num_paired_subset_sizes = 5
2024-10-17 14:43:08,913 - shap - INFO - weight_left = 0.2929005745959313
2024-10-17 14:43:08,944 - shap - INFO - phi = array([-2.81658357e-07, -2.75197399e-07,  1.94364840e-07, -6.20423549e-07,
       -4.38987916e-08,  1.17012912e-07, -2.69765105e-07, -9.79297197e-08,
       -6.00202173e-08, -1.28128050e-07, -6.19285488e-08, -1.45337647e-07])
2024-10-17 14:43:08,954 - shap - INFO - num_full_subsets = 3
2024-10-17 14:43:08,956 - shap - INFO - remaining_weight_vector = array([0.3626943 , 0.32642487, 0.31088083])
2024-10-17 14:43:08,958 - shap - INFO - num_paired_subset_sizes = 6
2024-10-17 14:43:08,968 - shap - INFO - weight_left = 0.32084025993652715
2024-10-17 14:43:09,001 - shap - INFO - phi = array([ 5.82224140e-07,  7.88905725e-07,  2.17413456e-07,  4.05296726e-07,
        4.39859979e-07,  1.42743717e-07,  6.63994330e-07, -3.09619258e-08,
       -1.18451783e-09,  1.02667832e-06,  2.36152998e-07,  8.93666508e-08,
        4.14285368e-07])
2024-10-17 14:43:09,009 - shap - INFO - num_full_subsets = 2
2024-10-17 14:43:09,012 - shap - INFO - remaining_weight_vector = array([0.25514743, 0.21049663, 0.18710811, 0.17541386, 0.17183398])
2024-10-17 14:43:09,015 - shap - INFO - num_paired_subset_sizes = 6
2024-10-17 14:43:09,030 - shap - INFO - weight_left = 0.47792874825587944
2024-10-17 14:43:09,064 - shap - INFO - np.sum(w_aug) = 14.0
2024-10-17 14:43:09,066 - shap - INFO - np.sum(self.kernelWeights) = 1.0000000000000002
2024-10-17 14:43:09,197 - shap - INFO - num_full_subsets = 2
2024-10-17 14:43:09,205 - shap - INFO - remaining_weight_vector = array([0.25514743, 0.21049663, 0.18710811, 0.17541386, 0.17183398])
2024-10-17 14:43:09,206 - shap - INFO - num_paired_subset_sizes = 6
2024-10-17 14:43:09,245 - shap - INFO - weight_left = 0.47792874825587944
2024-10-17 14:43:09,312 - shap - INFO - np.sum(w_aug) = 14.000000000000002
2024-10-17 14:43:09,313 - shap - INFO - np.sum(self.kernelWeights) = 1.0
2024-10-17 14:43:09,350 - shap - INFO - phi = array([1.28920974e-06, 1.39474094e-06, 1.26070287e-06, 0.00000000e+00,
       0.00000000e+00, 0.00000000e+00, 0.00000000e+00, 1.33772218e-06,
       0.00000000e+00, 0.00000000e+00, 2.01860332e-06, 0.00000000e+00,
       0.00000000e+00, 1.27573682e-06])
2024-10-17 14:43:09,387 - shap - INFO - num_full_subsets = 3
2024-10-17 14:43:09,393 - shap - INFO - remaining_weight_vector = array([0.35673839, 0.32616082, 0.31710079])
2024-10-17 14:43:09,393 - shap - INFO - num_paired_subset_sizes = 5
2024-10-17 14:43:09,442 - shap - INFO - weight_left = 0.2929005745959313
2024-10-17 14:43:09,474 - shap - INFO - phi = array([ 2.27516151e-07,  2.71821294e-07, -2.56475859e-07,  2.32810780e-07,
        1.82134414e-07, -3.37686379e-07,  3.21572072e-07,  1.28825588e-08,
        4.68101583e-09, -8.40790702e-08, -3.02210912e-08, -1.41585095e-07])
2024-10-17 14:43:09,481 - shap - INFO - num_full_subsets = 2
2024-10-17 14:43:09,482 - shap - INFO - remaining_weight_vector = array([0.25514743, 0.21049663, 0.18710811, 0.17541386, 0.17183398])
2024-10-17 14:43:09,483 - shap - INFO - num_paired_subset_sizes = 6
2024-10-17 14:43:09,498 - shap - INFO - weight_left = 0.47792874825587944
2024-10-17 14:43:09,528 - shap - INFO - np.sum(w_aug) = 14.0
2024-10-17 14:43:09,530 - shap - INFO - np.sum(self.kernelWeights) = 1.0
2024-10-17 14:43:09,560 - shap - INFO - phi = array([ 0.00000000e+00,  0.00000000e+00,  0.00000000e+00,  0.00000000e+00,
        0.00000000e+00,  0.00000000e+00,  0.00000000e+00,  0.00000000e+00,
        0.00000000e+00,  0.00000000e+00, -3.65521274e-06, -3.54973720e-06,
        0.00000000e+00,  0.00000000e+00])
2024-10-17 14:43:09,584 - shap - INFO - num_full_subsets = 3
2024-10-17 14:43:09,586 - shap - INFO - remaining_weight_vector = array([0.3626943 , 0.32642487, 0.31088083])
2024-10-17 14:43:09,586 - shap - INFO - num_paired_subset_sizes = 6
2024-10-17 14:43:09,622 - shap - INFO - weight_left = 0.32084025993652715
2024-10-17 14:43:09,669 - shap - INFO - phi = array([ 5.45873359e-07,  7.72993873e-07,  2.11200800e-07,  4.10314080e-07,
        4.30171875e-07,  1.33872872e-07,  6.25760101e-07,  1.55114582e-08,
        2.21720714e-09,  1.01613696e-06,  2.24947117e-07, -1.77402372e-08,
        4.18665218e-07])
2024-10-17 14:43:09,679 - shap - INFO - num_full_subsets = 3
2024-10-17 14:43:09,680 - shap - INFO - remaining_weight_vector = array([0.3626943 , 0.32642487, 0.31088083])
2024-10-17 14:43:09,681 - shap - INFO - num_paired_subset_sizes = 6
2024-10-17 14:43:09,691 - shap - INFO - weight_left = 0.32084025993652715
2024-10-17 14:43:09,723 - shap - INFO - phi = array([ 5.33817427e-07,  7.32660361e-07,  1.99470211e-07,  3.95697314e-07,
        4.09454125e-07,  1.08349169e-07,  5.66499417e-07, -3.41594016e-08,
        2.25767021e-09,  9.93226360e-07,  2.70542513e-07, -1.78883752e-08,
        4.18384858e-07])
2024-10-17 14:43:09,733 - shap - INFO - num_full_subsets = 3
2024-10-17 14:43:09,735 - shap - INFO - remaining_weight_vector = array([0.3626943 , 0.32642487, 0.31088083])
2024-10-17 14:43:09,737 - shap - INFO - num_paired_subset_sizes = 6
2024-10-17 14:43:09,748 - shap - INFO - weight_left = 0.32084025993652715
2024-10-17 14:43:09,796 - shap - INFO - phi = array([ 5.00583786e-07,  7.49258725e-07,  2.16758128e-07,  2.02917565e-07,
        4.20181377e-07,  1.27036573e-07,  5.80636911e-07,  1.58234211e-08,
        2.28327219e-09,  1.01520545e-06,  2.16939611e-07, -1.72684733e-08,
        4.07732013e-07])
2024-10-17 14:43:09,807 - shap - INFO - num_full_subsets = 3
2024-10-17 14:43:09,809 - shap - INFO - remaining_weight_vector = array([0.3626943 , 0.32642487, 0.31088083])
2024-10-17 14:43:09,811 - shap - INFO - num_paired_subset_sizes = 6
2024-10-17 14:43:09,821 - shap - INFO - weight_left = 0.32084025993652715
2024-10-17 14:43:09,852 - shap - INFO - phi = array([-1.88032038e-07, -1.61627893e-07, -2.32624929e-07,  3.23345465e-07,
        2.58234727e-11,  1.74888061e-07, -4.07058167e-07, -5.43092439e-08,
        1.43474138e-08, -4.49245365e-07, -4.67016027e-07, -1.88274780e-08,
       -3.30891121e-07])
