2024-10-17 16:48:34,672 - shap - INFO - num_full_subsets = 3
2024-10-17 16:48:34,676 - shap - INFO - remaining_weight_vector = array([0.3626943 , 0.32642487, 0.31088083])
2024-10-17 16:48:34,678 - shap - INFO - num_paired_subset_sizes = 6
2024-10-17 16:48:34,703 - shap - INFO - weight_left = 0.32084025993652715
2024-10-17 16:48:34,784 - shap - INFO - phi = array([-2.08655849e-07, -1.43331721e-07, -2.41589287e-07,  3.07541761e-07,
        3.27441855e-11, -3.25775973e-07, -2.57265503e-07, -5.44595076e-08,
        7.50279359e-09, -4.60971726e-07, -7.63982879e-08, -1.56828308e-08,
       -3.36512945e-07])
2024-10-17 16:48:34,813 - shap - INFO - num_full_subsets = 3
2024-10-17 16:48:34,816 - shap - INFO - remaining_weight_vector = array([0.35673839, 0.32616082, 0.31710079])
2024-10-17 16:48:34,820 - shap - INFO - num_paired_subset_sizes = 5
2024-10-17 16:48:34,851 - shap - INFO - weight_left = 0.2929005745959313
2024-10-17 16:48:34,922 - shap - INFO - phi = array([-2.66612747e-07, -2.59023501e-07, -3.07605931e-07, -5.48926061e-07,
       -4.32623564e-08, -3.62398102e-07, -1.41307794e-08, -1.39029828e-08,
       -4.16469192e-08, -1.19219722e-07, -6.30744934e-08, -3.11997773e-07])
2024-10-17 16:48:35,133 - shap - INFO - num_full_subsets = 3
2024-10-17 16:48:35,147 - shap - INFO - remaining_weight_vector = array([0.3626943 , 0.32642487, 0.31088083])
2024-10-17 16:48:35,149 - shap - INFO - num_paired_subset_sizes = 6
2024-10-17 16:48:35,179 - shap - INFO - weight_left = 0.32084025993652715
2024-10-17 16:48:35,248 - shap - INFO - phi = array([ 2.18139507e-07,  3.05399944e-07,  2.16711065e-07,  1.85824254e-07,
        2.59818115e-11,  1.67818035e-07,  3.31282868e-07,  2.75305644e-08,
        4.32005849e-10,  1.00072831e-06,  2.25266262e-07, -1.56022030e-08,
        4.20469074e-07])
2024-10-17 16:48:35,266 - shap - INFO - num_full_subsets = 3
2024-10-17 16:48:35,272 - shap - INFO - remaining_weight_vector = array([0.35673839, 0.32616082, 0.31710079])
2024-10-17 16:48:35,275 - shap - INFO - num_paired_subset_sizes = 5
2024-10-17 16:48:35,304 - shap - INFO - weight_left = 0.2929005745959313
2024-10-17 16:48:35,372 - shap - INFO - phi = array([2.90237244e-07, 1.84817181e-07, 2.66644359e-07, 4.75157501e-07,
       5.13896939e-08, 2.17799996e-07, 1.10881346e-07, 7.17145143e-08,
       4.97601884e-08, 5.70368859e-08, 1.24098124e-07, 4.29063113e-07])
2024-10-17 16:48:35,389 - shap - INFO - num_full_subsets = 3
2024-10-17 16:48:35,390 - shap - INFO - remaining_weight_vector = array([0.35673839, 0.32616082, 0.31710079])
2024-10-17 16:48:35,393 - shap - INFO - num_paired_subset_sizes = 5
2024-10-17 16:48:35,417 - shap - INFO - weight_left = 0.2929005745959313
2024-10-17 16:48:35,492 - shap - INFO - phi = array([ 2.07820140e-07,  1.26419098e-07, -1.81232611e-07,  2.48040125e-07,
       -1.17634504e-08,  1.49862899e-07,  4.19309355e-08,  1.52744016e-08,
       -1.09529708e-08, -4.64113963e-09, -3.37354739e-08, -1.29370438e-07])
2024-10-17 16:48:35,511 - shap - INFO - num_full_subsets = 3
2024-10-17 16:48:35,513 - shap - INFO - remaining_weight_vector = array([0.35673839, 0.32616082, 0.31710079])
2024-10-17 16:48:35,514 - shap - INFO - num_paired_subset_sizes = 5
2024-10-17 16:48:35,540 - shap - INFO - weight_left = 0.2929005745959313
2024-10-17 16:48:35,603 - shap - INFO - phi = array([-2.81658357e-07, -2.75197399e-07,  1.94364840e-07, -6.20423549e-07,
       -4.38987916e-08,  1.17012912e-07, -2.69765105e-07, -9.79297197e-08,
       -6.00202173e-08, -1.28128050e-07, -6.19285488e-08, -1.45337647e-07])
2024-10-17 16:48:35,622 - shap - INFO - num_full_subsets = 3
2024-10-17 16:48:35,625 - shap - INFO - remaining_weight_vector = array([0.3626943 , 0.32642487, 0.31088083])
2024-10-17 16:48:35,627 - shap - INFO - num_paired_subset_sizes = 6
2024-10-17 16:48:35,648 - shap - INFO - weight_left = 0.32084025993652715
2024-10-17 16:48:35,713 - shap - INFO - phi = array([ 5.82224140e-07,  7.88905725e-07,  2.17413456e-07,  4.05296726e-07,
        4.39859979e-07,  1.42743717e-07,  6.63994330e-07, -3.09619258e-08,
       -1.18451783e-09,  1.02667832e-06,  2.36152998e-07,  8.93666508e-08,
        4.14285368e-07])
2024-10-17 16:48:35,728 - shap - INFO - num_full_subsets = 2
2024-10-17 16:48:35,731 - shap - INFO - remaining_weight_vector = array([0.25514743, 0.21049663, 0.18710811, 0.17541386, 0.17183398])
2024-10-17 16:48:35,732 - shap - INFO - num_paired_subset_sizes = 6
2024-10-17 16:48:35,762 - shap - INFO - weight_left = 0.47792874825587944
2024-10-17 16:48:35,827 - shap - INFO - np.sum(w_aug) = 14.0
2024-10-17 16:48:35,828 - shap - INFO - np.sum(self.kernelWeights) = 1.0000000000000002
2024-10-17 16:48:36,104 - shap - INFO - num_full_subsets = 2
2024-10-17 16:48:36,107 - shap - INFO - remaining_weight_vector = array([0.25514743, 0.21049663, 0.18710811, 0.17541386, 0.17183398])
2024-10-17 16:48:36,109 - shap - INFO - num_paired_subset_sizes = 6
2024-10-17 16:48:36,139 - shap - INFO - weight_left = 0.47792874825587944
2024-10-17 16:48:36,206 - shap - INFO - np.sum(w_aug) = 14.000000000000002
2024-10-17 16:48:36,208 - shap - INFO - np.sum(self.kernelWeights) = 1.0
2024-10-17 16:48:36,365 - shap - INFO - phi = array([1.28920974e-06, 1.39474094e-06, 1.26070287e-06, 0.00000000e+00,
       0.00000000e+00, 0.00000000e+00, 0.00000000e+00, 1.33772218e-06,
       0.00000000e+00, 0.00000000e+00, 2.01860332e-06, 0.00000000e+00,
       0.00000000e+00, 1.27573682e-06])
2024-10-17 16:48:36,459 - shap - INFO - num_full_subsets = 3
2024-10-17 16:48:36,462 - shap - INFO - remaining_weight_vector = array([0.35673839, 0.32616082, 0.31710079])
2024-10-17 16:48:36,465 - shap - INFO - num_paired_subset_sizes = 5
2024-10-17 16:48:36,491 - shap - INFO - weight_left = 0.2929005745959313
2024-10-17 16:48:36,552 - shap - INFO - phi = array([ 2.27516151e-07,  2.71821294e-07, -2.56475859e-07,  2.32810780e-07,
        1.82134414e-07, -3.37686379e-07,  3.21572072e-07,  1.28825588e-08,
        4.68101583e-09, -8.40790702e-08, -3.02210912e-08, -1.41585095e-07])
2024-10-17 16:48:36,569 - shap - INFO - num_full_subsets = 2
2024-10-17 16:48:36,571 - shap - INFO - remaining_weight_vector = array([0.25514743, 0.21049663, 0.18710811, 0.17541386, 0.17183398])
2024-10-17 16:48:36,572 - shap - INFO - num_paired_subset_sizes = 6
2024-10-17 16:48:36,609 - shap - INFO - weight_left = 0.47792874825587944
2024-10-17 16:48:36,673 - shap - INFO - np.sum(w_aug) = 14.0
2024-10-17 16:48:36,675 - shap - INFO - np.sum(self.kernelWeights) = 1.0
2024-10-17 16:48:36,762 - shap - INFO - phi = array([ 0.00000000e+00,  0.00000000e+00,  0.00000000e+00,  0.00000000e+00,
        0.00000000e+00,  0.00000000e+00,  0.00000000e+00,  0.00000000e+00,
        0.00000000e+00,  0.00000000e+00, -3.65521274e-06, -3.54973720e-06,
        0.00000000e+00,  0.00000000e+00])
2024-10-17 16:48:36,856 - shap - INFO - num_full_subsets = 3
2024-10-17 16:48:36,858 - shap - INFO - remaining_weight_vector = array([0.3626943 , 0.32642487, 0.31088083])
2024-10-17 16:48:36,860 - shap - INFO - num_paired_subset_sizes = 6
2024-10-17 16:48:36,882 - shap - INFO - weight_left = 0.32084025993652715
2024-10-17 16:48:36,948 - shap - INFO - phi = array([ 5.45873359e-07,  7.72993873e-07,  2.11200800e-07,  4.10314080e-07,
        4.30171875e-07,  1.33872872e-07,  6.25760101e-07,  1.55114582e-08,
        2.21720714e-09,  1.01613696e-06,  2.24947117e-07, -1.77402372e-08,
        4.18665218e-07])
2024-10-17 16:48:36,972 - shap - INFO - num_full_subsets = 3
2024-10-17 16:48:36,975 - shap - INFO - remaining_weight_vector = array([0.3626943 , 0.32642487, 0.31088083])
2024-10-17 16:48:36,978 - shap - INFO - num_paired_subset_sizes = 6
2024-10-17 16:48:37,000 - shap - INFO - weight_left = 0.32084025993652715
2024-10-17 16:48:37,068 - shap - INFO - phi = array([ 5.33817427e-07,  7.32660361e-07,  1.99470211e-07,  3.95697314e-07,
        4.09454125e-07,  1.08349169e-07,  5.66499417e-07, -3.41594016e-08,
        2.25767021e-09,  9.93226360e-07,  2.70542513e-07, -1.78883752e-08,
        4.18384858e-07])
2024-10-17 16:48:37,088 - shap - INFO - num_full_subsets = 3
2024-10-17 16:48:37,091 - shap - INFO - remaining_weight_vector = array([0.3626943 , 0.32642487, 0.31088083])
2024-10-17 16:48:37,094 - shap - INFO - num_paired_subset_sizes = 6
2024-10-17 16:48:37,115 - shap - INFO - weight_left = 0.32084025993652715
2024-10-17 16:48:37,185 - shap - INFO - phi = array([ 5.00583786e-07,  7.49258725e-07,  2.16758128e-07,  2.02917565e-07,
        4.20181377e-07,  1.27036573e-07,  5.80636911e-07,  1.58234211e-08,
        2.28327219e-09,  1.01520545e-06,  2.16939611e-07, -1.72684733e-08,
        4.07732013e-07])
2024-10-17 16:48:37,204 - shap - INFO - num_full_subsets = 3
2024-10-17 16:48:37,205 - shap - INFO - remaining_weight_vector = array([0.3626943 , 0.32642487, 0.31088083])
2024-10-17 16:48:37,207 - shap - INFO - num_paired_subset_sizes = 6
2024-10-17 16:48:37,229 - shap - INFO - weight_left = 0.32084025993652715
2024-10-17 16:48:37,293 - shap - INFO - phi = array([-1.88032038e-07, -1.61627893e-07, -2.32624929e-07,  3.23345465e-07,
        2.58234727e-11,  1.74888061e-07, -4.07058167e-07, -5.43092439e-08,
        1.43474138e-08, -4.49245365e-07, -4.67016027e-07, -1.88274780e-08,
       -3.30891121e-07])
2024-10-17 17:16:01,961 - shap - INFO - num_full_subsets = 3
2024-10-17 17:16:02,041 - shap - INFO - remaining_weight_vector = array([0.3626943 , 0.32642487, 0.31088083])
2024-10-17 17:16:02,043 - shap - INFO - num_paired_subset_sizes = 6
2024-10-17 17:16:02,072 - shap - INFO - weight_left = 0.32084025993652715
2024-10-17 17:16:02,245 - shap - INFO - phi = array([-2.08655849e-07, -1.43331721e-07, -2.41589287e-07,  3.07541761e-07,
        3.27441855e-11, -3.25775973e-07, -2.57265503e-07, -5.44595076e-08,
        7.50279359e-09, -4.60971726e-07, -7.63982879e-08, -1.56828308e-08,
       -3.36512945e-07])
2024-10-17 17:16:02,394 - shap - INFO - num_full_subsets = 3
2024-10-17 17:16:02,399 - shap - INFO - remaining_weight_vector = array([0.35673839, 0.32616082, 0.31710079])
2024-10-17 17:16:02,444 - shap - INFO - num_paired_subset_sizes = 5
2024-10-17 17:16:02,533 - shap - INFO - weight_left = 0.2929005745959313
2024-10-17 17:16:02,688 - shap - INFO - phi = array([-2.66612747e-07, -2.59023501e-07, -3.07605931e-07, -5.48926061e-07,
       -4.32623564e-08, -3.62398102e-07, -1.41307794e-08, -1.39029828e-08,
       -4.16469192e-08, -1.19219722e-07, -6.30744934e-08, -3.11997773e-07])
2024-10-17 17:16:02,790 - shap - INFO - num_full_subsets = 3
2024-10-17 17:16:02,807 - shap - INFO - remaining_weight_vector = array([0.3626943 , 0.32642487, 0.31088083])
2024-10-17 17:16:02,830 - shap - INFO - num_paired_subset_sizes = 6
2024-10-17 17:16:02,873 - shap - INFO - weight_left = 0.32084025993652715
2024-10-17 17:16:02,981 - shap - INFO - phi = array([ 2.18139507e-07,  3.05399944e-07,  2.16711065e-07,  1.85824254e-07,
        2.59818115e-11,  1.67818035e-07,  3.31282868e-07,  2.75305644e-08,
        4.32005849e-10,  1.00072831e-06,  2.25266262e-07, -1.56022030e-08,
        4.20469074e-07])
2024-10-17 17:16:03,049 - shap - INFO - num_full_subsets = 3
2024-10-17 17:16:03,093 - shap - INFO - remaining_weight_vector = array([0.35673839, 0.32616082, 0.31710079])
2024-10-17 17:16:03,094 - shap - INFO - num_paired_subset_sizes = 5
2024-10-17 17:16:03,120 - shap - INFO - weight_left = 0.2929005745959313
2024-10-17 17:16:03,340 - shap - INFO - phi = array([2.90237244e-07, 1.84817181e-07, 2.66644359e-07, 4.75157501e-07,
       5.13896939e-08, 2.17799996e-07, 1.10881346e-07, 7.17145143e-08,
       4.97601884e-08, 5.70368859e-08, 1.24098124e-07, 4.29063113e-07])
2024-10-17 17:16:03,515 - shap - INFO - num_full_subsets = 3
2024-10-17 17:16:03,517 - shap - INFO - remaining_weight_vector = array([0.35673839, 0.32616082, 0.31710079])
2024-10-17 17:16:03,519 - shap - INFO - num_paired_subset_sizes = 5
2024-10-17 17:16:03,550 - shap - INFO - weight_left = 0.2929005745959313
2024-10-17 17:16:03,728 - shap - INFO - phi = array([ 2.07820140e-07,  1.26419098e-07, -1.81232611e-07,  2.48040125e-07,
       -1.17634504e-08,  1.49862899e-07,  4.19309355e-08,  1.52744016e-08,
       -1.09529708e-08, -4.64113963e-09, -3.37354739e-08, -1.29370438e-07])
2024-10-17 17:16:03,752 - shap - INFO - num_full_subsets = 3
2024-10-17 17:16:03,757 - shap - INFO - remaining_weight_vector = array([0.35673839, 0.32616082, 0.31710079])
2024-10-17 17:16:03,759 - shap - INFO - num_paired_subset_sizes = 5
2024-10-17 17:16:03,791 - shap - INFO - weight_left = 0.2929005745959313
2024-10-17 17:16:03,867 - shap - INFO - phi = array([-2.81658357e-07, -2.75197399e-07,  1.94364840e-07, -6.20423549e-07,
       -4.38987916e-08,  1.17012912e-07, -2.69765105e-07, -9.79297197e-08,
       -6.00202173e-08, -1.28128050e-07, -6.19285488e-08, -1.45337647e-07])
2024-10-17 17:16:03,903 - shap - INFO - num_full_subsets = 3
2024-10-17 17:16:03,905 - shap - INFO - remaining_weight_vector = array([0.3626943 , 0.32642487, 0.31088083])
2024-10-17 17:16:03,907 - shap - INFO - num_paired_subset_sizes = 6
2024-10-17 17:16:03,918 - shap - INFO - weight_left = 0.32084025993652715
2024-10-17 17:16:03,966 - shap - INFO - phi = array([ 5.82224140e-07,  7.88905725e-07,  2.17413456e-07,  4.05296726e-07,
        4.39859979e-07,  1.42743717e-07,  6.63994330e-07, -3.09619258e-08,
       -1.18451783e-09,  1.02667832e-06,  2.36152998e-07,  8.93666508e-08,
        4.14285368e-07])
2024-10-17 17:16:03,974 - shap - INFO - num_full_subsets = 2
2024-10-17 17:16:03,977 - shap - INFO - remaining_weight_vector = array([0.25514743, 0.21049663, 0.18710811, 0.17541386, 0.17183398])
2024-10-17 17:16:03,978 - shap - INFO - num_paired_subset_sizes = 6
2024-10-17 17:16:03,996 - shap - INFO - weight_left = 0.47792874825587944
2024-10-17 17:16:04,038 - shap - INFO - np.sum(w_aug) = 14.0
2024-10-17 17:16:04,040 - shap - INFO - np.sum(self.kernelWeights) = 1.0000000000000002
2024-10-17 17:16:04,117 - shap - INFO - num_full_subsets = 2
2024-10-17 17:16:04,122 - shap - INFO - remaining_weight_vector = array([0.25514743, 0.21049663, 0.18710811, 0.17541386, 0.17183398])
2024-10-17 17:16:04,126 - shap - INFO - num_paired_subset_sizes = 6
2024-10-17 17:16:04,185 - shap - INFO - weight_left = 0.47792874825587944
2024-10-17 17:16:04,249 - shap - INFO - np.sum(w_aug) = 14.000000000000002
2024-10-17 17:16:04,251 - shap - INFO - np.sum(self.kernelWeights) = 1.0
2024-10-17 17:16:04,374 - shap - INFO - phi = array([1.28920974e-06, 1.39474094e-06, 1.26070287e-06, 0.00000000e+00,
       0.00000000e+00, 0.00000000e+00, 0.00000000e+00, 1.33772218e-06,
       0.00000000e+00, 0.00000000e+00, 2.01860332e-06, 0.00000000e+00,
       0.00000000e+00, 1.27573682e-06])
2024-10-17 17:16:04,422 - shap - INFO - num_full_subsets = 3
2024-10-17 17:16:04,425 - shap - INFO - remaining_weight_vector = array([0.35673839, 0.32616082, 0.31710079])
2024-10-17 17:16:04,427 - shap - INFO - num_paired_subset_sizes = 5
2024-10-17 17:16:04,476 - shap - INFO - weight_left = 0.2929005745959313
2024-10-17 17:16:04,559 - shap - INFO - phi = array([ 2.27516151e-07,  2.71821294e-07, -2.56475859e-07,  2.32810780e-07,
        1.82134414e-07, -3.37686379e-07,  3.21572072e-07,  1.28825588e-08,
        4.68101583e-09, -8.40790702e-08, -3.02210912e-08, -1.41585095e-07])
2024-10-17 17:16:04,585 - shap - INFO - num_full_subsets = 2
2024-10-17 17:16:04,587 - shap - INFO - remaining_weight_vector = array([0.25514743, 0.21049663, 0.18710811, 0.17541386, 0.17183398])
2024-10-17 17:16:04,589 - shap - INFO - num_paired_subset_sizes = 6
2024-10-17 17:16:04,629 - shap - INFO - weight_left = 0.47792874825587944
2024-10-17 17:16:04,703 - shap - INFO - np.sum(w_aug) = 14.0
2024-10-17 17:16:04,705 - shap - INFO - np.sum(self.kernelWeights) = 1.0
2024-10-17 17:16:04,751 - shap - INFO - phi = array([ 0.00000000e+00,  0.00000000e+00,  0.00000000e+00,  0.00000000e+00,
        0.00000000e+00,  0.00000000e+00,  0.00000000e+00,  0.00000000e+00,
        0.00000000e+00,  0.00000000e+00, -3.65521274e-06, -3.54973720e-06,
        0.00000000e+00,  0.00000000e+00])
2024-10-17 17:16:04,801 - shap - INFO - num_full_subsets = 3
2024-10-17 17:16:04,804 - shap - INFO - remaining_weight_vector = array([0.3626943 , 0.32642487, 0.31088083])
2024-10-17 17:16:04,806 - shap - INFO - num_paired_subset_sizes = 6
2024-10-17 17:16:04,843 - shap - INFO - weight_left = 0.32084025993652715
2024-10-17 17:16:04,955 - shap - INFO - phi = array([ 5.45873359e-07,  7.72993873e-07,  2.11200800e-07,  4.10314080e-07,
        4.30171875e-07,  1.33872872e-07,  6.25760101e-07,  1.55114582e-08,
        2.21720714e-09,  1.01613696e-06,  2.24947117e-07, -1.77402372e-08,
        4.18665218e-07])
2024-10-17 17:16:04,980 - shap - INFO - num_full_subsets = 3
2024-10-17 17:16:04,987 - shap - INFO - remaining_weight_vector = array([0.3626943 , 0.32642487, 0.31088083])
2024-10-17 17:16:04,992 - shap - INFO - num_paired_subset_sizes = 6
2024-10-17 17:16:05,020 - shap - INFO - weight_left = 0.32084025993652715
2024-10-17 17:16:05,107 - shap - INFO - phi = array([ 5.33817427e-07,  7.32660361e-07,  1.99470211e-07,  3.95697314e-07,
        4.09454125e-07,  1.08349169e-07,  5.66499417e-07, -3.41594016e-08,
        2.25767021e-09,  9.93226360e-07,  2.70542513e-07, -1.78883752e-08,
        4.18384858e-07])
2024-10-17 17:16:05,136 - shap - INFO - num_full_subsets = 3
2024-10-17 17:16:05,141 - shap - INFO - remaining_weight_vector = array([0.3626943 , 0.32642487, 0.31088083])
2024-10-17 17:16:05,145 - shap - INFO - num_paired_subset_sizes = 6
2024-10-17 17:16:05,179 - shap - INFO - weight_left = 0.32084025993652715
2024-10-17 17:16:05,264 - shap - INFO - phi = array([ 5.00583786e-07,  7.49258725e-07,  2.16758128e-07,  2.02917565e-07,
        4.20181377e-07,  1.27036573e-07,  5.80636911e-07,  1.58234211e-08,
        2.28327219e-09,  1.01520545e-06,  2.16939611e-07, -1.72684733e-08,
        4.07732013e-07])
2024-10-17 17:16:05,289 - shap - INFO - num_full_subsets = 3
2024-10-17 17:16:05,299 - shap - INFO - remaining_weight_vector = array([0.3626943 , 0.32642487, 0.31088083])
2024-10-17 17:16:05,304 - shap - INFO - num_paired_subset_sizes = 6
2024-10-17 17:16:05,339 - shap - INFO - weight_left = 0.32084025993652715
2024-10-17 17:16:05,439 - shap - INFO - phi = array([-1.88032038e-07, -1.61627893e-07, -2.32624929e-07,  3.23345465e-07,
        2.58234727e-11,  1.74888061e-07, -4.07058167e-07, -5.43092439e-08,
        1.43474138e-08, -4.49245365e-07, -4.67016027e-07, -1.88274780e-08,
       -3.30891121e-07])
2024-10-17 17:51:04,047 - shap - INFO - num_full_subsets = 2
2024-10-17 17:51:04,050 - shap - INFO - remaining_weight_vector = array([0.25989514, 0.21264148, 0.1871245 , 0.17326343, 0.16707545])
2024-10-17 17:51:04,052 - shap - INFO - num_paired_subset_sizes = 7
2024-10-17 17:51:04,074 - shap - INFO - weight_left = 0.4930585722173909
2024-10-17 17:51:04,136 - shap - INFO - np.sum(w_aug) = 14.999999999999996
2024-10-17 17:51:04,138 - shap - INFO - np.sum(self.kernelWeights) = 1.0000000000000004
2024-10-17 17:51:04,380 - shap - INFO - phi = array([-0.031565  , -0.13520722, -0.00025477, -0.03823634, -0.01254604,
       -0.12991472,  0.1556728 , -0.06303944, -0.03412244,  0.0013594 ,
        0.04755087,  0.04653104, -0.00385702,  0.00552353,  0.00236622])
2024-10-17 17:51:04,473 - shap - INFO - num_full_subsets = 2
2024-10-17 17:51:04,479 - shap - INFO - remaining_weight_vector = array([0.25989514, 0.21264148, 0.1871245 , 0.17326343, 0.16707545])
2024-10-17 17:51:04,483 - shap - INFO - num_paired_subset_sizes = 7
2024-10-17 17:51:04,508 - shap - INFO - weight_left = 0.4930585722173909
2024-10-17 17:51:04,575 - shap - INFO - np.sum(w_aug) = 14.999999999999998
2024-10-17 17:51:04,578 - shap - INFO - np.sum(self.kernelWeights) = 1.0000000000000002
2024-10-17 17:51:04,790 - shap - INFO - phi = array([ 0.01271482, -0.07937238,  0.0012709 ,  0.06468746,  0.07196227,
       -0.16065554,  0.15136494,  0.11671009, -0.01966259, -0.00901341,
       -0.07155529,  0.09126999, -0.00177042, -0.00663658,  0.00446348])
2024-10-17 17:51:04,884 - shap - INFO - num_full_subsets = 2
2024-10-17 17:51:04,890 - shap - INFO - remaining_weight_vector = array([0.25989514, 0.21264148, 0.1871245 , 0.17326343, 0.16707545])
2024-10-17 17:51:04,896 - shap - INFO - num_paired_subset_sizes = 7
2024-10-17 17:51:04,923 - shap - INFO - weight_left = 0.4930585722173909
2024-10-17 17:51:04,977 - shap - INFO - np.sum(w_aug) = 14.999999999999998
2024-10-17 17:51:04,980 - shap - INFO - np.sum(self.kernelWeights) = 1.0000000000000002
2024-10-17 17:51:05,175 - shap - INFO - phi = array([ 0.06441511,  0.53246996,  0.        ,  0.05975793, -0.01288598,
        0.85894385, -0.11238993, -0.04302078,  0.14745728,  0.00219641,
       -0.03906003, -0.12658771,  0.00087919,  0.00705416,  0.00250795])
2024-10-17 17:51:05,268 - shap - INFO - num_full_subsets = 2
2024-10-17 17:51:05,276 - shap - INFO - remaining_weight_vector = array([0.25989514, 0.21264148, 0.1871245 , 0.17326343, 0.16707545])
2024-10-17 17:51:05,281 - shap - INFO - num_paired_subset_sizes = 7
2024-10-17 17:51:05,308 - shap - INFO - weight_left = 0.4930585722173909
2024-10-17 17:51:05,382 - shap - INFO - np.sum(w_aug) = 14.999999999999996
2024-10-17 17:51:05,387 - shap - INFO - np.sum(self.kernelWeights) = 1.0000000000000002
2024-10-17 17:51:05,554 - shap - INFO - phi = array([-0.03624343, -0.09944806, -0.00035001, -0.069167  , -0.01557812,
       -0.20065382,  0.06686886, -0.06566297, -0.0373857 ,  0.00064134,
       -0.07646411, -0.16697236,  0.00195329, -0.01349992, -0.01481339])
2024-10-17 17:51:05,659 - shap - INFO - num_full_subsets = 2
2024-10-17 17:51:05,663 - shap - INFO - remaining_weight_vector = array([0.25989514, 0.21264148, 0.1871245 , 0.17326343, 0.16707545])
2024-10-17 17:51:05,667 - shap - INFO - num_paired_subset_sizes = 7
2024-10-17 17:51:05,693 - shap - INFO - weight_left = 0.4930585722173909
2024-10-17 17:51:05,751 - shap - INFO - np.sum(w_aug) = 14.999999999999996
2024-10-17 17:51:05,755 - shap - INFO - np.sum(self.kernelWeights) = 1.0000000000000004
2024-10-17 17:51:05,896 - shap - INFO - phi = array([-2.86135541e-02, -1.32695081e-01, -1.66727194e-04,  9.50860839e-03,
       -1.60318795e-02, -2.00145012e-01, -1.28338213e-01, -3.41081707e-02,
       -3.37997213e-02,  1.00802717e-03,  2.07975075e-01,  6.83509049e-02,
        1.36793507e-03,  3.68258875e-03,  4.52397501e-03])
2024-10-17 17:51:05,975 - shap - INFO - num_full_subsets = 2
2024-10-17 17:51:05,983 - shap - INFO - remaining_weight_vector = array([0.25989514, 0.21264148, 0.1871245 , 0.17326343, 0.16707545])
2024-10-17 17:51:05,986 - shap - INFO - num_paired_subset_sizes = 7
2024-10-17 17:51:06,014 - shap - INFO - weight_left = 0.4930585722173909
2024-10-17 17:51:06,076 - shap - INFO - np.sum(w_aug) = 15.0
2024-10-17 17:51:06,078 - shap - INFO - np.sum(self.kernelWeights) = 1.0000000000000004
2024-10-17 17:51:06,281 - shap - INFO - phi = array([ 0.01929432, -0.0858608 , -0.00028818, -0.02657448, -0.01486029,
       -0.16753483, -0.13322907,  0.08914194, -0.02252523,  0.00383673,
       -0.06851425,  0.08742215,  0.00138402,  0.00394927,  0.0008393 ])
2024-10-17 17:51:06,358 - shap - INFO - num_full_subsets = 2
2024-10-17 17:51:06,366 - shap - INFO - remaining_weight_vector = array([0.25989514, 0.21264148, 0.1871245 , 0.17326343, 0.16707545])
2024-10-17 17:51:06,372 - shap - INFO - num_paired_subset_sizes = 7
2024-10-17 17:51:06,399 - shap - INFO - weight_left = 0.4930585722173909
2024-10-17 17:51:06,458 - shap - INFO - np.sum(w_aug) = 14.999999999999996
2024-10-17 17:51:06,460 - shap - INFO - np.sum(self.kernelWeights) = 1.0000000000000004
2024-10-17 17:51:06,693 - shap - INFO - phi = array([ 0.00940409, -0.07962429,  0.07285723,  0.06866677, -0.00762201,
       -0.01405452,  0.15929982,  0.12670177, -0.01181366, -0.02307212,
        0.04552339,  0.0953475 ,  0.00136621, -0.00320488,  0.01986387])
2024-10-17 17:51:06,734 - shap - INFO - num_full_subsets = 2
2024-10-17 17:51:06,740 - shap - INFO - remaining_weight_vector = array([0.25989514, 0.21264148, 0.1871245 , 0.17326343, 0.16707545])
2024-10-17 17:51:06,746 - shap - INFO - num_paired_subset_sizes = 7
2024-10-17 17:51:06,788 - shap - INFO - weight_left = 0.4930585722173909
2024-10-17 17:51:06,842 - shap - INFO - np.sum(w_aug) = 14.999999999999996
2024-10-17 17:51:06,846 - shap - INFO - np.sum(self.kernelWeights) = 1.0000000000000004
2024-10-17 17:51:06,939 - shap - INFO - phi = array([ 4.07453707e-01,  4.94853863e-01,  3.44920083e-02,  4.40544683e-02,
        5.93728075e-02,  7.99601343e-01,  8.20197609e-02,  7.36980127e-02,
        3.08886111e-01,  3.82507023e-03,  1.85344189e-01,  6.87863095e-02,
        5.57645440e-04, -4.15914796e-03,  1.40807846e-02])
2024-10-17 17:51:06,988 - shap - INFO - num_full_subsets = 2
2024-10-17 17:51:07,002 - shap - INFO - remaining_weight_vector = array([0.22727203, 0.18465852, 0.16115653, 0.14772682, 0.14069221,
       0.13849389])
2024-10-17 17:51:07,007 - shap - INFO - num_paired_subset_sizes = 7
2024-10-17 17:51:07,051 - shap - INFO - weight_left = 0.5063344810024111
2024-10-17 17:51:07,113 - shap - INFO - np.sum(w_aug) = 15.999999999999998
2024-10-17 17:51:07,117 - shap - INFO - np.sum(self.kernelWeights) = 1.0000000000000002
2024-10-17 17:51:07,282 - shap - INFO - phi = array([ 0.00737321, -0.08352008,  0.06969402,  0.05863761, -0.01734053,
       -0.15868978, -0.07034425,  0.1422285 ,  0.0143573 , -0.02280865,
       -0.01260283, -0.04681312,  0.08616003,  0.0006785 ,  0.00666971,
        0.02042895])
2024-10-17 17:51:07,339 - shap - INFO - num_full_subsets = 2
2024-10-17 17:51:07,361 - shap - INFO - remaining_weight_vector = array([0.22727203, 0.18465852, 0.16115653, 0.14772682, 0.14069221,
       0.13849389])
2024-10-17 17:51:07,374 - shap - INFO - num_paired_subset_sizes = 7
2024-10-17 17:51:07,405 - shap - INFO - weight_left = 0.5063344810024111
2024-10-17 17:51:07,463 - shap - INFO - np.sum(w_aug) = 15.999999999999996
2024-10-17 17:51:07,466 - shap - INFO - np.sum(self.kernelWeights) = 1.0000000000000004
2024-10-17 17:51:07,687 - shap - INFO - phi = array([ 0.00903623, -0.06606905,  0.07521316,  0.06210784,  0.07694136,
       -0.14605999, -0.05893523,  0.15127641,  0.01188667, -0.0219299 ,
       -0.00521351,  0.21142921,  0.1073241 ,  0.00026835, -0.00082027,
        0.02044511])
2024-10-17 17:51:07,735 - shap - INFO - num_full_subsets = 2
2024-10-17 17:51:07,749 - shap - INFO - remaining_weight_vector = array([0.25989514, 0.21264148, 0.1871245 , 0.17326343, 0.16707545])
2024-10-17 17:51:07,752 - shap - INFO - num_paired_subset_sizes = 7
2024-10-17 17:51:07,788 - shap - INFO - weight_left = 0.4930585722173909
2024-10-17 17:51:07,848 - shap - INFO - np.sum(w_aug) = 14.999999999999996
2024-10-17 17:51:07,852 - shap - INFO - np.sum(self.kernelWeights) = 1.0000000000000002
2024-10-17 17:51:08,035 - shap - INFO - phi = array([-0.02898257, -0.1331727 ,  0.00733706,  0.01960115, -0.01331212,
       -0.19360678, -0.12587882, -0.02857201, -0.02046339,  0.00546934,
       -0.05527532, -0.12502824,  0.00152082, -0.00898283,  0.00531431])
2024-10-17 17:51:08,061 - shap - INFO - num_full_subsets = 2
2024-10-17 17:51:08,067 - shap - INFO - remaining_weight_vector = array([0.25989514, 0.21264148, 0.1871245 , 0.17326343, 0.16707545])
2024-10-17 17:51:08,074 - shap - INFO - num_paired_subset_sizes = 7
2024-10-17 17:51:08,138 - shap - INFO - weight_left = 0.4930585722173909
2024-10-17 17:51:08,198 - shap - INFO - np.sum(w_aug) = 14.999999999999998
2024-10-17 17:51:08,203 - shap - INFO - np.sum(self.kernelWeights) = 1.0000000000000004
2024-10-17 17:51:08,346 - shap - INFO - phi = array([ 0.00462648, -0.1261034 ,  0.00770174, -0.0317137 , -0.01246038,
       -0.15890677, -0.12677542, -0.06013193, -0.0203299 ,  0.00398474,
       -0.00744448, -0.16119486,  0.00187483, -0.00685866,  0.00279374])
2024-10-17 17:51:08,382 - shap - INFO - num_full_subsets = 2
2024-10-17 17:51:08,389 - shap - INFO - remaining_weight_vector = array([0.25989514, 0.21264148, 0.1871245 , 0.17326343, 0.16707545])
2024-10-17 17:51:08,393 - shap - INFO - num_paired_subset_sizes = 7
2024-10-17 17:51:08,449 - shap - INFO - weight_left = 0.4930585722173909
2024-10-17 17:51:08,515 - shap - INFO - np.sum(w_aug) = 14.999999999999996
2024-10-17 17:51:08,517 - shap - INFO - np.sum(self.kernelWeights) = 1.0000000000000004
2024-10-17 17:51:08,798 - shap - INFO - phi = array([-0.03639336, -0.14214299, -0.00040646, -0.07647127, -0.01537254,
       -0.17360005, -0.1280582 , -0.06195932, -0.03774619,  0.00067107,
       -0.07465732, -0.1687125 , -0.00473461, -0.01359677, -0.01069803])
2024-10-17 17:51:08,881 - shap - INFO - num_full_subsets = 2
2024-10-17 17:51:08,889 - shap - INFO - remaining_weight_vector = array([0.25989514, 0.21264148, 0.1871245 , 0.17326343, 0.16707545])
2024-10-17 17:51:08,895 - shap - INFO - num_paired_subset_sizes = 7
2024-10-17 17:51:08,925 - shap - INFO - weight_left = 0.4930585722173909
2024-10-17 17:51:08,986 - shap - INFO - np.sum(w_aug) = 14.999999999999996
2024-10-17 17:51:09,060 - shap - INFO - np.sum(self.kernelWeights) = 1.0000000000000004
2024-10-17 17:51:09,290 - shap - INFO - phi = array([ 6.58317924e-02,  1.80815713e-01, -1.60726815e-04, -3.01703166e-02,
       -1.55365497e-02, -1.73799406e-01, -6.89043729e-02,  1.08008244e-01,
        1.38308655e-01,  2.07449666e-03,  2.58957444e-02,  3.92093820e-02,
        1.00873880e-03,  5.14440384e-03,  3.79907975e-03])
2024-10-17 17:51:09,371 - shap - INFO - num_full_subsets = 2
2024-10-17 17:51:09,378 - shap - INFO - remaining_weight_vector = array([0.25989514, 0.21264148, 0.1871245 , 0.17326343, 0.16707545])
2024-10-17 17:51:09,384 - shap - INFO - num_paired_subset_sizes = 7
2024-10-17 17:51:09,411 - shap - INFO - weight_left = 0.4930585722173909
2024-10-17 17:51:09,473 - shap - INFO - np.sum(w_aug) = 14.999999999999996
2024-10-17 17:51:09,477 - shap - INFO - np.sum(self.kernelWeights) = 1.0000000000000004
2024-10-17 17:51:09,740 - shap - INFO - phi = array([-0.03324561, -0.14135043,  0.00229633, -0.07321394, -0.01429198,
       -0.20086372, -0.1279371 , -0.05984283, -0.03730795,  0.00064164,
       -0.07430598, -0.16818439, -0.00446368, -0.01343538, -0.01020283])
